{"/Users/aymeric.bethencourt/apps/boilerplate/src/app-server/src/constants.ts": {"path":"/Users/aymeric.bethencourt/apps/boilerplate/src/app-server/src/constants.ts","statementMap":{"0":{"start":{"line":1,"column":13},"end":{"line":1,"column":null}},"1":{"start":{"line":2,"column":13},"end":{"line":2,"column":null}},"2":{"start":{"line":3,"column":13},"end":{"line":3,"column":null}}},"fnMap":{},"branchMap":{},"s":{"0":18,"1":18,"2":18},"f":{},"b":{}}
,"/Users/aymeric.bethencourt/apps/boilerplate/src/app-server/src/helpers/clone.ts": {"path":"/Users/aymeric.bethencourt/apps/boilerplate/src/app-server/src/helpers/clone.ts","statementMap":{"0":{"start":{"line":3,"column":13},"end":{"line":5,"column":null}},"1":{"start":{"line":4,"column":2},"end":{"line":4,"column":null}}},"fnMap":{"0":{"name":"(anonymous_0)","decl":{"start":{"line":3,"column":21},"end":{"line":3,"column":22}},"loc":{"start":{"line":3,"column":47},"end":{"line":5,"column":1}}}},"branchMap":{},"s":{"0":1,"1":4},"f":{"0":4},"b":{}}
,"/Users/aymeric.bethencourt/apps/boilerplate/src/app-server/src/helpers/dayjs.ts": {"path":"/Users/aymeric.bethencourt/apps/boilerplate/src/app-server/src/helpers/dayjs.ts","statementMap":{"0":{"start":{"line":1,"column":0},"end":{"line":1,"column":30}},"1":{"start":{"line":3,"column":13},"end":{"line":3,"column":null}}},"fnMap":{},"branchMap":{},"s":{"0":18,"1":18},"f":{},"b":{}}
,"/Users/aymeric.bethencourt/apps/boilerplate/src/app-server/src/helpers/firstError.ts": {"path":"/Users/aymeric.bethencourt/apps/boilerplate/src/app-server/src/helpers/firstError.ts","statementMap":{"0":{"start":{"line":2,"column":0},"end":{"line":2,"column":61}},"1":{"start":{"line":4,"column":13},"end":{"line":7,"column":null}},"2":{"start":{"line":5,"column":26},"end":{"line":5,"column":60}},"3":{"start":{"line":6,"column":2},"end":{"line":6,"column":null}},"4":{"start":{"line":6,"column":23},"end":{"line":6,"column":null}}},"fnMap":{"0":{"name":"(anonymous_0)","decl":{"start":{"line":4,"column":26},"end":{"line":4,"column":27}},"loc":{"start":{"line":4,"column":62},"end":{"line":7,"column":1}}}},"branchMap":{"0":{"loc":{"start":{"line":5,"column":26},"end":{"line":5,"column":35}},"type":"binary-expr","locations":[{"start":{"line":5,"column":26},"end":{"line":5,"column":35}},{"start":{"line":5,"column":39},"end":{"line":5,"column":60}}]},"1":{"loc":{"start":{"line":6,"column":2},"end":{"line":6,"column":null}},"type":"if","locations":[{"start":{"line":6,"column":2},"end":{"line":6,"column":null}},{"start":{"line":6,"column":2},"end":{"line":6,"column":null}}]}},"s":{"0":18,"1":18,"2":3,"3":3,"4":2},"f":{"0":3},"b":{"0":[3,2],"1":[2,1]}}
,"/Users/aymeric.bethencourt/apps/boilerplate/src/app-server/src/helpers/typegoose.ts": {"path":"/Users/aymeric.bethencourt/apps/boilerplate/src/app-server/src/helpers/typegoose.ts","statementMap":{"0":{"start":{"line":1,"column":0},"end":{"line":1,"column":82}},"1":{"start":{"line":3,"column":13},"end":{"line":3,"column":null}},"2":{"start":{"line":4,"column":13},"end":{"line":4,"column":null}},"3":{"start":{"line":5,"column":13},"end":{"line":5,"column":null}},"4":{"start":{"line":6,"column":13},"end":{"line":6,"column":null}}},"fnMap":{},"branchMap":{},"s":{"0":18,"1":18,"2":18,"3":18,"4":18},"f":{},"b":{}}
,"/Users/aymeric.bethencourt/apps/boilerplate/src/app-server/src/resolvers/captcha/helpers/captchaSolutions.ts": {"path":"/Users/aymeric.bethencourt/apps/boilerplate/src/app-server/src/resolvers/captcha/helpers/captchaSolutions.ts","statementMap":{"0":{"start":{"line":3,"column":13},"end":{"line":104,"column":null}}},"fnMap":{},"branchMap":{},"s":{"0":19},"f":{},"b":{}}
,"/Users/aymeric.bethencourt/apps/boilerplate/src/app-server/src/resolvers/captcha/helpers/createCaptcha.ts": {"path":"/Users/aymeric.bethencourt/apps/boilerplate/src/app-server/src/resolvers/captcha/helpers/createCaptcha.ts","statementMap":{"0":{"start":{"line":3,"column":0},"end":{"line":3,"column":71}},"1":{"start":{"line":6,"column":0},"end":{"line":6,"column":61}},"2":{"start":{"line":12,"column":13},"end":{"line":25,"column":null}},"3":{"start":{"line":13,"column":2},"end":{"line":13,"column":null}},"4":{"start":{"line":15,"column":35},"end":{"line":15,"column":57}},"5":{"start":{"line":17,"column":27},"end":{"line":22,"column":11}},"6":{"start":{"line":24,"column":2},"end":{"line":24,"column":null}}},"fnMap":{"0":{"name":"(anonymous_0)","decl":{"start":{"line":12,"column":44},"end":{"line":12,"column":49}},"loc":{"start":{"line":12,"column":73},"end":{"line":25,"column":1}}}},"branchMap":{},"s":{"0":18,"1":18,"2":18,"3":22,"4":22,"5":22,"6":22},"f":{"0":22},"b":{}}
,"/Users/aymeric.bethencourt/apps/boilerplate/src/app-server/src/resolvers/captcha/helpers/getRandomCaptchaPair.ts": {"path":"/Users/aymeric.bethencourt/apps/boilerplate/src/app-server/src/resolvers/captcha/helpers/getRandomCaptchaPair.ts","statementMap":{"0":{"start":{"line":5,"column":0},"end":{"line":5,"column":53}},"1":{"start":{"line":11,"column":13},"end":{"line":20,"column":null}},"2":{"start":{"line":12,"column":31},"end":{"line":12,"column":62}},"3":{"start":{"line":13,"column":43},"end":{"line":13,"column":73}},"4":{"start":{"line":14,"column":35},"end":{"line":17,"column":null}},"5":{"start":{"line":19,"column":2},"end":{"line":19,"column":null}}},"fnMap":{"0":{"name":"(anonymous_0)","decl":{"start":{"line":11,"column":54},"end":{"line":11,"column":57}},"loc":{"start":{"line":11,"column":59},"end":{"line":20,"column":1}}}},"branchMap":{},"s":{"0":19,"1":19,"2":2,"3":2,"4":2,"5":2},"f":{"0":2},"b":{}}
,"/Users/aymeric.bethencourt/apps/boilerplate/src/app-server/src/resolvers/comment/addCommentView/addCommentView.ts": {"path":"/Users/aymeric.bethencourt/apps/boilerplate/src/app-server/src/resolvers/comment/addCommentView/addCommentView.ts","statementMap":{"0":{"start":{"line":1,"column":0},"end":{"line":1,"column":48}},"1":{"start":{"line":2,"column":0},"end":{"line":2,"column":50}},"2":{"start":{"line":5,"column":0},"end":{"line":5,"column":67}},"3":{"start":{"line":6,"column":0},"end":{"line":6,"column":56}},"4":{"start":{"line":7,"column":0},"end":{"line":7,"column":77}},"5":{"start":{"line":8,"column":0},"end":{"line":8,"column":62}},"6":{"start":{"line":11,"column":13},"end":{"line":28,"column":null}},"7":{"start":{"line":12,"column":29},"end":{"line":12,"column":116}},"8":{"start":{"line":13,"column":2},"end":{"line":13,"column":null}},"9":{"start":{"line":14,"column":24},"end":{"line":14,"column":42}},"10":{"start":{"line":16,"column":40},"end":{"line":19,"column":10}},"11":{"start":{"line":21,"column":33},"end":{"line":21,"column":120}},"12":{"start":{"line":22,"column":2},"end":{"line":22,"column":null}},"13":{"start":{"line":22,"column":31},"end":{"line":22,"column":null}},"14":{"start":{"line":24,"column":2},"end":{"line":24,"column":null}},"15":{"start":{"line":25,"column":2},"end":{"line":25,"column":null}},"16":{"start":{"line":27,"column":2},"end":{"line":27,"column":null}}},"fnMap":{"0":{"name":"(anonymous_0)","decl":{"start":{"line":11,"column":30},"end":{"line":11,"column":35}},"loc":{"start":{"line":11,"column":80},"end":{"line":28,"column":1}}}},"branchMap":{"0":{"loc":{"start":{"line":21,"column":33},"end":{"line":21,"column":51}},"type":"binary-expr","locations":[{"start":{"line":21,"column":33},"end":{"line":21,"column":51}},{"start":{"line":21,"column":55},"end":{"line":21,"column":83}},{"start":{"line":21,"column":87},"end":{"line":21,"column":120}}]},"1":{"loc":{"start":{"line":22,"column":2},"end":{"line":22,"column":null}},"type":"if","locations":[{"start":{"line":22,"column":2},"end":{"line":22,"column":null}},{"start":{"line":22,"column":2},"end":{"line":22,"column":null}}]}},"s":{"0":1,"1":1,"2":1,"3":1,"4":1,"5":1,"6":1,"7":2,"8":2,"9":2,"10":2,"11":2,"12":2,"13":1,"14":1,"15":1,"16":1},"f":{"0":2},"b":{"0":[2,2,1],"1":[1,1]}}
,"/Users/aymeric.bethencourt/apps/boilerplate/src/app-server/src/resolvers/comment/getComment/getComment.ts": {"path":"/Users/aymeric.bethencourt/apps/boilerplate/src/app-server/src/resolvers/comment/getComment/getComment.ts","statementMap":{"0":{"start":{"line":1,"column":0},"end":{"line":1,"column":48}},"1":{"start":{"line":2,"column":0},"end":{"line":2,"column":50}},"2":{"start":{"line":5,"column":0},"end":{"line":5,"column":56}},"3":{"start":{"line":6,"column":0},"end":{"line":6,"column":71}},"4":{"start":{"line":7,"column":0},"end":{"line":7,"column":88}},"5":{"start":{"line":8,"column":0},"end":{"line":8,"column":67}},"6":{"start":{"line":10,"column":0},"end":{"line":10,"column":53}},"7":{"start":{"line":11,"column":0},"end":{"line":11,"column":83}},"8":{"start":{"line":13,"column":13},"end":{"line":35,"column":null}},"9":{"start":{"line":14,"column":25},"end":{"line":16,"column":4}},"10":{"start":{"line":17,"column":2},"end":{"line":17,"column":null}},"11":{"start":{"line":18,"column":24},"end":{"line":18,"column":38}},"12":{"start":{"line":20,"column":19},"end":{"line":20,"column":72}},"13":{"start":{"line":21,"column":2},"end":{"line":21,"column":null}},"14":{"start":{"line":21,"column":16},"end":{"line":21,"column":null}},"15":{"start":{"line":23,"column":28},"end":{"line":26,"column":10}},"16":{"start":{"line":27,"column":2},"end":{"line":27,"column":null}},"17":{"start":{"line":27,"column":13},"end":{"line":27,"column":null}},"18":{"start":{"line":29,"column":37},"end":{"line":29,"column":54}},"19":{"start":{"line":31,"column":2},"end":{"line":31,"column":null}},"20":{"start":{"line":32,"column":2},"end":{"line":32,"column":null}},"21":{"start":{"line":34,"column":2},"end":{"line":34,"column":null}}},"fnMap":{"0":{"name":"(anonymous_0)","decl":{"start":{"line":13,"column":26},"end":{"line":13,"column":31}},"loc":{"start":{"line":13,"column":76},"end":{"line":35,"column":1}}}},"branchMap":{"0":{"loc":{"start":{"line":21,"column":2},"end":{"line":21,"column":null}},"type":"if","locations":[{"start":{"line":21,"column":2},"end":{"line":21,"column":null}},{"start":{"line":21,"column":2},"end":{"line":21,"column":null}}]},"1":{"loc":{"start":{"line":27,"column":2},"end":{"line":27,"column":null}},"type":"if","locations":[{"start":{"line":27,"column":2},"end":{"line":27,"column":null}},{"start":{"line":27,"column":2},"end":{"line":27,"column":null}}]}},"s":{"0":1,"1":1,"2":1,"3":1,"4":1,"5":1,"6":1,"7":1,"8":1,"9":3,"10":3,"11":3,"12":3,"13":3,"14":1,"15":2,"16":2,"17":1,"18":1,"19":1,"20":1,"21":1},"f":{"0":3},"b":{"0":[1,2],"1":[1,1]}}
,"/Users/aymeric.bethencourt/apps/boilerplate/src/app-server/src/resolvers/comment/getLatestComments/getLatestComments.ts": {"path":"/Users/aymeric.bethencourt/apps/boilerplate/src/app-server/src/resolvers/comment/getLatestComments/getLatestComments.ts","statementMap":{"0":{"start":{"line":1,"column":0},"end":{"line":1,"column":48}},"1":{"start":{"line":2,"column":0},"end":{"line":2,"column":50}},"2":{"start":{"line":5,"column":0},"end":{"line":5,"column":56}},"3":{"start":{"line":6,"column":0},"end":{"line":6,"column":71}},"4":{"start":{"line":7,"column":0},"end":{"line":7,"column":109}},"5":{"start":{"line":9,"column":0},"end":{"line":9,"column":53}},"6":{"start":{"line":10,"column":0},"end":{"line":10,"column":83}},"7":{"start":{"line":12,"column":13},"end":{"line":39,"column":null}},"8":{"start":{"line":13,"column":32},"end":{"line":15,"column":4}},"9":{"start":{"line":16,"column":2},"end":{"line":16,"column":null}},"10":{"start":{"line":17,"column":23},"end":{"line":17,"column":44}},"11":{"start":{"line":19,"column":17},"end":{"line":19,"column":19}},"12":{"start":{"line":20,"column":2},"end":{"line":20,"column":null}},"13":{"start":{"line":20,"column":16},"end":{"line":20,"column":null}},"14":{"start":{"line":21,"column":28},"end":{"line":26,"column":11}},"15":{"start":{"line":27,"column":2},"end":{"line":27,"column":null}},"16":{"start":{"line":27,"column":42},"end":{"line":27,"column":null}},"17":{"start":{"line":29,"column":18},"end":{"line":29,"column":59}},"18":{"start":{"line":29,"column":44},"end":{"line":29,"column":58}},"19":{"start":{"line":30,"column":28},"end":{"line":30,"column":110}},"20":{"start":{"line":31,"column":2},"end":{"line":31,"column":null}},"21":{"start":{"line":31,"column":36},"end":{"line":31,"column":null}},"22":{"start":{"line":33,"column":45},"end":{"line":33,"column":64}},"23":{"start":{"line":35,"column":2},"end":{"line":35,"column":null}},"24":{"start":{"line":36,"column":2},"end":{"line":36,"column":null}},"25":{"start":{"line":38,"column":2},"end":{"line":38,"column":null}}},"fnMap":{"0":{"name":"(anonymous_0)","decl":{"start":{"line":12,"column":33},"end":{"line":12,"column":38}},"loc":{"start":{"line":12,"column":83},"end":{"line":39,"column":1}}},"1":{"name":"(anonymous_1)","decl":{"start":{"line":29,"column":31},"end":{"line":29,"column":32}},"loc":{"start":{"line":29,"column":44},"end":{"line":29,"column":58}}}},"branchMap":{"0":{"loc":{"start":{"line":20,"column":2},"end":{"line":20,"column":null}},"type":"if","locations":[{"start":{"line":20,"column":2},"end":{"line":20,"column":null}},{"start":{"line":20,"column":2},"end":{"line":20,"column":null}}]},"1":{"loc":{"start":{"line":27,"column":2},"end":{"line":27,"column":null}},"type":"if","locations":[{"start":{"line":27,"column":2},"end":{"line":27,"column":null}},{"start":{"line":27,"column":2},"end":{"line":27,"column":null}}]},"2":{"loc":{"start":{"line":27,"column":6},"end":{"line":27,"column":15}},"type":"binary-expr","locations":[{"start":{"line":27,"column":6},"end":{"line":27,"column":15}},{"start":{"line":27,"column":19},"end":{"line":27,"column":40}}]},"3":{"loc":{"start":{"line":31,"column":2},"end":{"line":31,"column":null}},"type":"if","locations":[{"start":{"line":31,"column":2},"end":{"line":31,"column":null}},{"start":{"line":31,"column":2},"end":{"line":31,"column":null}}]},"4":{"loc":{"start":{"line":31,"column":6},"end":{"line":31,"column":12}},"type":"binary-expr","locations":[{"start":{"line":31,"column":6},"end":{"line":31,"column":12}},{"start":{"line":31,"column":16},"end":{"line":31,"column":34}}]}},"s":{"0":1,"1":1,"2":1,"3":1,"4":1,"5":1,"6":1,"7":1,"8":2,"9":2,"10":2,"11":2,"12":2,"13":1,"14":2,"15":2,"16":1,"17":2,"18":2,"19":2,"20":2,"21":1,"22":2,"23":2,"24":2,"25":2},"f":{"0":2,"1":2},"b":{"0":[1,1],"1":[1,1],"2":[2,2],"3":[1,1],"4":[2,2]}}
,"/Users/aymeric.bethencourt/apps/boilerplate/src/app-server/src/resolvers/comment/newComment/newComment.ts": {"path":"/Users/aymeric.bethencourt/apps/boilerplate/src/app-server/src/resolvers/comment/newComment/newComment.ts","statementMap":{"0":{"start":{"line":1,"column":0},"end":{"line":1,"column":48}},"1":{"start":{"line":2,"column":0},"end":{"line":2,"column":50}},"2":{"start":{"line":4,"column":0},"end":{"line":4,"column":38}},"3":{"start":{"line":6,"column":0},"end":{"line":6,"column":56}},"4":{"start":{"line":7,"column":0},"end":{"line":7,"column":71}},"5":{"start":{"line":10,"column":0},"end":{"line":10,"column":53}},"6":{"start":{"line":11,"column":0},"end":{"line":11,"column":66}},"7":{"start":{"line":12,"column":0},"end":{"line":12,"column":59}},"8":{"start":{"line":13,"column":0},"end":{"line":13,"column":62}},"9":{"start":{"line":14,"column":0},"end":{"line":14,"column":88}},"10":{"start":{"line":16,"column":13},"end":{"line":56,"column":null}},"11":{"start":{"line":17,"column":25},"end":{"line":17,"column":108}},"12":{"start":{"line":18,"column":2},"end":{"line":18,"column":null}},"13":{"start":{"line":19,"column":59},"end":{"line":19,"column":73}},"14":{"start":{"line":21,"column":21},"end":{"line":21,"column":44}},"15":{"start":{"line":23,"column":2},"end":{"line":23,"column":null}},"16":{"start":{"line":25,"column":28},"end":{"line":34,"column":11}},"17":{"start":{"line":36,"column":2},"end":{"line":40,"column":null}},"18":{"start":{"line":42,"column":33},"end":{"line":48,"column":null}},"19":{"start":{"line":50,"column":37},"end":{"line":50,"column":66}},"20":{"start":{"line":52,"column":2},"end":{"line":52,"column":null}},"21":{"start":{"line":53,"column":2},"end":{"line":53,"column":null}},"22":{"start":{"line":55,"column":2},"end":{"line":55,"column":null}}},"fnMap":{"0":{"name":"(anonymous_0)","decl":{"start":{"line":16,"column":26},"end":{"line":16,"column":31}},"loc":{"start":{"line":16,"column":76},"end":{"line":56,"column":1}}}},"branchMap":{"0":{"loc":{"start":{"line":28,"column":18},"end":{"line":28,"column":32}},"type":"cond-expr","locations":[{"start":{"line":28,"column":18},"end":{"line":28,"column":32}},{"start":{"line":28,"column":35},"end":{"line":28,"column":44}}]}},"s":{"0":1,"1":1,"2":1,"3":1,"4":1,"5":1,"6":1,"7":1,"8":1,"9":1,"10":1,"11":2,"12":2,"13":2,"14":2,"15":2,"16":2,"17":2,"18":2,"19":2,"20":2,"21":2,"22":2},"f":{"0":2},"b":{"0":[1,1]}}
,"/Users/aymeric.bethencourt/apps/boilerplate/src/app-server/src/resolvers/notification/getLatestNotifications/getLatestNotifications.ts": {"path":"/Users/aymeric.bethencourt/apps/boilerplate/src/app-server/src/resolvers/notification/getLatestNotifications/getLatestNotifications.ts","statementMap":{"0":{"start":{"line":3,"column":0},"end":{"line":3,"column":91}},"1":{"start":{"line":5,"column":0},"end":{"line":5,"column":62}},"2":{"start":{"line":7,"column":13},"end":{"line":21,"column":null}},"3":{"start":{"line":8,"column":21},"end":{"line":8,"column":44}},"4":{"start":{"line":10,"column":40},"end":{"line":15,"column":11}},"5":{"start":{"line":17,"column":2},"end":{"line":17,"column":null}},"6":{"start":{"line":18,"column":2},"end":{"line":18,"column":null}},"7":{"start":{"line":20,"column":2},"end":{"line":20,"column":null}}},"fnMap":{"0":{"name":"(anonymous_0)","decl":{"start":{"line":7,"column":38},"end":{"line":7,"column":43}},"loc":{"start":{"line":7,"column":88},"end":{"line":21,"column":1}}}},"branchMap":{},"s":{"0":1,"1":1,"2":1,"3":1,"4":1,"5":1,"6":1,"7":1},"f":{"0":1},"b":{}}
,"/Users/aymeric.bethencourt/apps/boilerplate/src/app-server/src/resolvers/quota/rateLimit/rateLimit.ts": {"path":"/Users/aymeric.bethencourt/apps/boilerplate/src/app-server/src/resolvers/quota/rateLimit/rateLimit.ts","statementMap":{"0":{"start":{"line":3,"column":0},"end":{"line":3,"column":67}},"1":{"start":{"line":4,"column":0},"end":{"line":4,"column":63}},"2":{"start":{"line":5,"column":0},"end":{"line":5,"column":41}},"3":{"start":{"line":6,"column":0},"end":{"line":6,"column":59}},"4":{"start":{"line":12,"column":13},"end":{"line":25,"column":null}},"5":{"start":{"line":13,"column":2},"end":{"line":13,"column":43}},"6":{"start":{"line":13,"column":37},"end":{"line":13,"column":43}},"7":{"start":{"line":15,"column":36},"end":{"line":21,"column":10}},"8":{"start":{"line":23,"column":2},"end":{"line":24,"column":null}},"9":{"start":{"line":24,"column":4},"end":{"line":24,"column":null}}},"fnMap":{"0":{"name":"(anonymous_0)","decl":{"start":{"line":12,"column":36},"end":{"line":12,"column":41}},"loc":{"start":{"line":12,"column":53},"end":{"line":25,"column":1}}}},"branchMap":{"0":{"loc":{"start":{"line":13,"column":2},"end":{"line":13,"column":43}},"type":"if","locations":[{"start":{"line":13,"column":2},"end":{"line":13,"column":43}},{"start":{"line":13,"column":2},"end":{"line":13,"column":43}}]},"1":{"loc":{"start":{"line":23,"column":2},"end":{"line":24,"column":null}},"type":"if","locations":[{"start":{"line":23,"column":2},"end":{"line":24,"column":null}},{"start":{"line":23,"column":2},"end":{"line":24,"column":null}}]},"2":{"loc":{"start":{"line":23,"column":6},"end":{"line":23,"column":17}},"type":"binary-expr","locations":[{"start":{"line":23,"column":6},"end":{"line":23,"column":17}},{"start":{"line":23,"column":21},"end":{"line":23,"column":38}},{"start":{"line":23,"column":42},"end":{"line":23,"column":65}}]}},"s":{"0":9,"1":9,"2":9,"3":9,"4":9,"5":52,"6":21,"7":31,"8":31,"9":1},"f":{"0":52},"b":{"0":[21,31],"1":[1,30],"2":[31,30,30]}}
,"/Users/aymeric.bethencourt/apps/boilerplate/src/app-server/src/resolvers/user/changePassword/changePassword.ts": {"path":"/Users/aymeric.bethencourt/apps/boilerplate/src/app-server/src/resolvers/user/changePassword/changePassword.ts","statementMap":{"0":{"start":{"line":1,"column":0},"end":{"line":1,"column":31}},"1":{"start":{"line":2,"column":0},"end":{"line":2,"column":48}},"2":{"start":{"line":3,"column":0},"end":{"line":3,"column":50}},"3":{"start":{"line":6,"column":0},"end":{"line":6,"column":56}},"4":{"start":{"line":7,"column":0},"end":{"line":7,"column":74}},"5":{"start":{"line":8,"column":0},"end":{"line":8,"column":59}},"6":{"start":{"line":9,"column":0},"end":{"line":9,"column":54}},"7":{"start":{"line":10,"column":0},"end":{"line":10,"column":56}},"8":{"start":{"line":11,"column":0},"end":{"line":11,"column":59}},"9":{"start":{"line":13,"column":13},"end":{"line":33,"column":null}},"10":{"start":{"line":14,"column":29},"end":{"line":16,"column":4}},"11":{"start":{"line":17,"column":2},"end":{"line":17,"column":null}},"12":{"start":{"line":18,"column":36},"end":{"line":18,"column":54}},"13":{"start":{"line":20,"column":21},"end":{"line":20,"column":44}},"14":{"start":{"line":22,"column":2},"end":{"line":22,"column":null}},"15":{"start":{"line":24,"column":2},"end":{"line":24,"column":null}},"16":{"start":{"line":26,"column":25},"end":{"line":26,"column":52}},"17":{"start":{"line":27,"column":2},"end":{"line":27,"column":null}},"18":{"start":{"line":29,"column":2},"end":{"line":29,"column":null}},"19":{"start":{"line":30,"column":2},"end":{"line":30,"column":null}},"20":{"start":{"line":32,"column":2},"end":{"line":32,"column":null}}},"fnMap":{"0":{"name":"(anonymous_0)","decl":{"start":{"line":13,"column":30},"end":{"line":13,"column":35}},"loc":{"start":{"line":13,"column":80},"end":{"line":33,"column":1}}}},"branchMap":{},"s":{"0":1,"1":1,"2":1,"3":1,"4":1,"5":1,"6":1,"7":1,"8":1,"9":1,"10":2,"11":2,"12":2,"13":2,"14":2,"15":2,"16":1,"17":1,"18":1,"19":1,"20":1},"f":{"0":2},"b":{}}
,"/Users/aymeric.bethencourt/apps/boilerplate/src/app-server/src/resolvers/user/forgotPassword/forgotPassword.ts": {"path":"/Users/aymeric.bethencourt/apps/boilerplate/src/app-server/src/resolvers/user/forgotPassword/forgotPassword.ts","statementMap":{"0":{"start":{"line":1,"column":0},"end":{"line":1,"column":48}},"1":{"start":{"line":2,"column":0},"end":{"line":2,"column":50}},"2":{"start":{"line":5,"column":0},"end":{"line":5,"column":56}},"3":{"start":{"line":7,"column":0},"end":{"line":7,"column":63}},"4":{"start":{"line":8,"column":0},"end":{"line":8,"column":67}},"5":{"start":{"line":9,"column":0},"end":{"line":9,"column":74}},"6":{"start":{"line":10,"column":0},"end":{"line":10,"column":59}},"7":{"start":{"line":11,"column":0},"end":{"line":11,"column":67}},"8":{"start":{"line":12,"column":0},"end":{"line":12,"column":76}},"9":{"start":{"line":13,"column":0},"end":{"line":13,"column":70}},"10":{"start":{"line":14,"column":0},"end":{"line":14,"column":59}},"11":{"start":{"line":16,"column":13},"end":{"line":39,"column":null}},"12":{"start":{"line":17,"column":29},"end":{"line":17,"column":116}},"13":{"start":{"line":18,"column":2},"end":{"line":18,"column":null}},"14":{"start":{"line":19,"column":46},"end":{"line":19,"column":64}},"15":{"start":{"line":21,"column":2},"end":{"line":21,"column":null}},"16":{"start":{"line":23,"column":26},"end":{"line":23,"column":84}},"17":{"start":{"line":24,"column":2},"end":{"line":26,"column":null}},"18":{"start":{"line":25,"column":4},"end":{"line":25,"column":null}},"19":{"start":{"line":27,"column":2},"end":{"line":27,"column":null}},"20":{"start":{"line":27,"column":13},"end":{"line":27,"column":null}},"21":{"start":{"line":29,"column":2},"end":{"line":29,"column":null}},"22":{"start":{"line":31,"column":27},"end":{"line":31,"column":95}},"23":{"start":{"line":33,"column":2},"end":{"line":33,"column":null}},"24":{"start":{"line":35,"column":2},"end":{"line":35,"column":null}},"25":{"start":{"line":36,"column":2},"end":{"line":36,"column":null}},"26":{"start":{"line":38,"column":2},"end":{"line":38,"column":null}}},"fnMap":{"0":{"name":"(anonymous_0)","decl":{"start":{"line":16,"column":30},"end":{"line":16,"column":35}},"loc":{"start":{"line":16,"column":80},"end":{"line":39,"column":1}}}},"branchMap":{"0":{"loc":{"start":{"line":24,"column":2},"end":{"line":26,"column":null}},"type":"if","locations":[{"start":{"line":24,"column":2},"end":{"line":26,"column":null}},{"start":{"line":24,"column":2},"end":{"line":26,"column":null}}]},"1":{"loc":{"start":{"line":27,"column":2},"end":{"line":27,"column":null}},"type":"if","locations":[{"start":{"line":27,"column":2},"end":{"line":27,"column":null}},{"start":{"line":27,"column":2},"end":{"line":27,"column":null}}]}},"s":{"0":1,"1":1,"2":1,"3":1,"4":1,"5":1,"6":1,"7":1,"8":1,"9":1,"10":1,"11":1,"12":3,"13":3,"14":3,"15":3,"16":3,"17":3,"18":2,"19":3,"20":1,"21":2,"22":2,"23":2,"24":2,"25":2,"26":2},"f":{"0":3},"b":{"0":[2,1],"1":[1,2]}}
,"/Users/aymeric.bethencourt/apps/boilerplate/src/app-server/src/resolvers/user/getPublicUser/getPublicUser.ts": {"path":"/Users/aymeric.bethencourt/apps/boilerplate/src/app-server/src/resolvers/user/getPublicUser/getPublicUser.ts","statementMap":{"0":{"start":{"line":1,"column":0},"end":{"line":1,"column":48}},"1":{"start":{"line":2,"column":0},"end":{"line":2,"column":50}},"2":{"start":{"line":5,"column":0},"end":{"line":5,"column":56}},"3":{"start":{"line":6,"column":0},"end":{"line":6,"column":67}},"4":{"start":{"line":7,"column":0},"end":{"line":7,"column":94}},"5":{"start":{"line":9,"column":0},"end":{"line":9,"column":53}},"6":{"start":{"line":11,"column":13},"end":{"line":11,"column":null}},"7":{"start":{"line":13,"column":13},"end":{"line":27,"column":null}},"8":{"start":{"line":14,"column":28},"end":{"line":14,"column":114}},"9":{"start":{"line":15,"column":2},"end":{"line":15,"column":null}},"10":{"start":{"line":16,"column":21},"end":{"line":16,"column":38}},"11":{"start":{"line":18,"column":28},"end":{"line":18,"column":103}},"12":{"start":{"line":19,"column":2},"end":{"line":19,"column":null}},"13":{"start":{"line":19,"column":13},"end":{"line":19,"column":null}},"14":{"start":{"line":21,"column":41},"end":{"line":21,"column":49}},"15":{"start":{"line":23,"column":2},"end":{"line":23,"column":null}},"16":{"start":{"line":24,"column":2},"end":{"line":24,"column":null}},"17":{"start":{"line":26,"column":2},"end":{"line":26,"column":null}}},"fnMap":{"0":{"name":"(anonymous_0)","decl":{"start":{"line":13,"column":29},"end":{"line":13,"column":34}},"loc":{"start":{"line":13,"column":79},"end":{"line":27,"column":1}}}},"branchMap":{"0":{"loc":{"start":{"line":19,"column":2},"end":{"line":19,"column":null}},"type":"if","locations":[{"start":{"line":19,"column":2},"end":{"line":19,"column":null}},{"start":{"line":19,"column":2},"end":{"line":19,"column":null}}]}},"s":{"0":3,"1":3,"2":3,"3":3,"4":3,"5":3,"6":3,"7":3,"8":2,"9":2,"10":2,"11":2,"12":2,"13":1,"14":1,"15":1,"16":1,"17":1},"f":{"0":2},"b":{"0":[1,1]}}
,"/Users/aymeric.bethencourt/apps/boilerplate/src/app-server/src/resolvers/user/helpers/authenticate.ts": {"path":"/Users/aymeric.bethencourt/apps/boilerplate/src/app-server/src/resolvers/user/helpers/authenticate.ts","statementMap":{"0":{"start":{"line":3,"column":0},"end":{"line":3,"column":67}},"1":{"start":{"line":6,"column":0},"end":{"line":6,"column":59}},"2":{"start":{"line":7,"column":0},"end":{"line":7,"column":51}},"3":{"start":{"line":13,"column":13},"end":{"line":25,"column":null}},"4":{"start":{"line":14,"column":22},"end":{"line":14,"column":89}},"5":{"start":{"line":15,"column":2},"end":{"line":15,"column":null}},"6":{"start":{"line":15,"column":20},"end":{"line":15,"column":null}},"7":{"start":{"line":17,"column":19},"end":{"line":17,"column":53}},"8":{"start":{"line":19,"column":33},"end":{"line":19,"column":53}},"9":{"start":{"line":21,"column":22},"end":{"line":21,"column":77}},"10":{"start":{"line":22,"column":2},"end":{"line":22,"column":null}},"11":{"start":{"line":22,"column":13},"end":{"line":22,"column":null}},"12":{"start":{"line":24,"column":2},"end":{"line":24,"column":null}}},"fnMap":{"0":{"name":"(anonymous_0)","decl":{"start":{"line":13,"column":42},"end":{"line":13,"column":47}},"loc":{"start":{"line":13,"column":56},"end":{"line":25,"column":1}}}},"branchMap":{"0":{"loc":{"start":{"line":14,"column":44},"end":{"line":14,"column":77}},"type":"cond-expr","locations":[{"start":{"line":14,"column":44},"end":{"line":14,"column":77}},{"start":{"line":14,"column":80},"end":{"line":14,"column":89}}]},"1":{"loc":{"start":{"line":15,"column":2},"end":{"line":15,"column":null}},"type":"if","locations":[{"start":{"line":15,"column":2},"end":{"line":15,"column":null}},{"start":{"line":15,"column":2},"end":{"line":15,"column":null}}]},"2":{"loc":{"start":{"line":22,"column":2},"end":{"line":22,"column":null}},"type":"if","locations":[{"start":{"line":22,"column":2},"end":{"line":22,"column":null}},{"start":{"line":22,"column":2},"end":{"line":22,"column":null}}]}},"s":{"0":7,"1":7,"2":7,"3":7,"4":20,"5":20,"6":1,"7":19,"8":19,"9":18,"10":18,"11":1,"12":17},"f":{"0":20},"b":{"0":[19,1],"1":[1,19],"2":[1,17]}}
,"/Users/aymeric.bethencourt/apps/boilerplate/src/app-server/src/resolvers/user/helpers/getSignedJwt.ts": {"path":"/Users/aymeric.bethencourt/apps/boilerplate/src/app-server/src/resolvers/user/helpers/getSignedJwt.ts","statementMap":{"0":{"start":{"line":1,"column":0},"end":{"line":1,"column":30}},"1":{"start":{"line":2,"column":0},"end":{"line":2,"column":44}},"2":{"start":{"line":13,"column":13},"end":{"line":34,"column":null}},"3":{"start":{"line":14,"column":26},"end":{"line":14,"column":57}},"4":{"start":{"line":16,"column":30},"end":{"line":21,"column":null}},"5":{"start":{"line":23,"column":35},"end":{"line":29,"column":null}},"6":{"start":{"line":31,"column":19},"end":{"line":31,"column":97}},"7":{"start":{"line":33,"column":2},"end":{"line":33,"column":null}}},"fnMap":{"0":{"name":"(anonymous_0)","decl":{"start":{"line":13,"column":42},"end":{"line":13,"column":43}},"loc":{"start":{"line":13,"column":70},"end":{"line":34,"column":1}}}},"branchMap":{},"s":{"0":19,"1":19,"2":19,"3":22,"4":22,"5":22,"6":22,"7":22},"f":{"0":22},"b":{}}
,"/Users/aymeric.bethencourt/apps/boilerplate/src/app-server/src/resolvers/user/helpers/matchPassword.ts": {"path":"/Users/aymeric.bethencourt/apps/boilerplate/src/app-server/src/resolvers/user/helpers/matchPassword.ts","statementMap":{"0":{"start":{"line":1,"column":0},"end":{"line":1,"column":34}},"1":{"start":{"line":3,"column":0},"end":{"line":3,"column":67}},"2":{"start":{"line":9,"column":13},"end":{"line":12,"column":null}},"3":{"start":{"line":10,"column":27},"end":{"line":10,"column":74}},"4":{"start":{"line":11,"column":2},"end":{"line":11,"column":null}},"5":{"start":{"line":11,"column":16},"end":{"line":11,"column":null}}},"fnMap":{"0":{"name":"(anonymous_0)","decl":{"start":{"line":9,"column":44},"end":{"line":9,"column":49}},"loc":{"start":{"line":9,"column":87},"end":{"line":12,"column":1}}}},"branchMap":{"0":{"loc":{"start":{"line":11,"column":2},"end":{"line":11,"column":null}},"type":"if","locations":[{"start":{"line":11,"column":2},"end":{"line":11,"column":null}},{"start":{"line":11,"column":2},"end":{"line":11,"column":null}}]}},"s":{"0":3,"1":3,"2":3,"3":7,"4":7,"5":3},"f":{"0":7},"b":{"0":[3,4]}}
,"/Users/aymeric.bethencourt/apps/boilerplate/src/app-server/src/resolvers/user/helpers/sendEmailForgotPassword.ts": {"path":"/Users/aymeric.bethencourt/apps/boilerplate/src/app-server/src/resolvers/user/helpers/sendEmailForgotPassword.ts","statementMap":{"0":{"start":{"line":2,"column":0},"end":{"line":2,"column":42}},"1":{"start":{"line":8,"column":13},"end":{"line":20,"column":null}},"2":{"start":{"line":9,"column":2},"end":{"line":9,"column":null}},"3":{"start":{"line":11,"column":36},"end":{"line":17,"column":null}},"4":{"start":{"line":19,"column":2},"end":{"line":19,"column":null}}},"fnMap":{"0":{"name":"(anonymous_0)","decl":{"start":{"line":8,"column":64},"end":{"line":8,"column":69}},"loc":{"start":{"line":8,"column":101},"end":{"line":20,"column":1}}}},"branchMap":{},"s":{"0":2,"1":2,"2":1,"3":1,"4":1},"f":{"0":1},"b":{}}
,"/Users/aymeric.bethencourt/apps/boilerplate/src/app-server/src/resolvers/user/helpers/sendEmailVerifyEmail.ts": {"path":"/Users/aymeric.bethencourt/apps/boilerplate/src/app-server/src/resolvers/user/helpers/sendEmailVerifyEmail.ts","statementMap":{"0":{"start":{"line":2,"column":0},"end":{"line":2,"column":42}},"1":{"start":{"line":8,"column":13},"end":{"line":20,"column":null}},"2":{"start":{"line":9,"column":2},"end":{"line":9,"column":null}},"3":{"start":{"line":11,"column":36},"end":{"line":17,"column":null}},"4":{"start":{"line":19,"column":2},"end":{"line":19,"column":null}}},"fnMap":{"0":{"name":"(anonymous_0)","decl":{"start":{"line":8,"column":58},"end":{"line":8,"column":63}},"loc":{"start":{"line":8,"column":88},"end":{"line":20,"column":1}}}},"branchMap":{},"s":{"0":18,"1":18,"2":1,"3":1,"4":1},"f":{"0":1},"b":{}}
,"/Users/aymeric.bethencourt/apps/boilerplate/src/app-server/src/resolvers/user/helpers/verifyCaptcha.ts": {"path":"/Users/aymeric.bethencourt/apps/boilerplate/src/app-server/src/resolvers/user/helpers/verifyCaptcha.ts","statementMap":{"0":{"start":{"line":3,"column":0},"end":{"line":3,"column":71}},"1":{"start":{"line":5,"column":0},"end":{"line":5,"column":67}},"2":{"start":{"line":11,"column":13},"end":{"line":24,"column":null}},"3":{"start":{"line":12,"column":28},"end":{"line":12,"column":85}},"4":{"start":{"line":14,"column":2},"end":{"line":14,"column":null}},"5":{"start":{"line":14,"column":16},"end":{"line":14,"column":null}},"6":{"start":{"line":16,"column":2},"end":{"line":17,"column":null}},"7":{"start":{"line":17,"column":4},"end":{"line":17,"column":null}},"8":{"start":{"line":19,"column":2},"end":{"line":19,"column":51}},"9":{"start":{"line":19,"column":45},"end":{"line":19,"column":51}},"10":{"start":{"line":21,"column":2},"end":{"line":21,"column":null}},"11":{"start":{"line":23,"column":2},"end":{"line":23,"column":null}}},"fnMap":{"0":{"name":"(anonymous_0)","decl":{"start":{"line":11,"column":44},"end":{"line":11,"column":49}},"loc":{"start":{"line":11,"column":91},"end":{"line":24,"column":1}}}},"branchMap":{"0":{"loc":{"start":{"line":14,"column":2},"end":{"line":14,"column":null}},"type":"if","locations":[{"start":{"line":14,"column":2},"end":{"line":14,"column":null}},{"start":{"line":14,"column":2},"end":{"line":14,"column":null}}]},"1":{"loc":{"start":{"line":16,"column":2},"end":{"line":17,"column":null}},"type":"if","locations":[{"start":{"line":16,"column":2},"end":{"line":17,"column":null}},{"start":{"line":16,"column":2},"end":{"line":17,"column":null}}]},"2":{"loc":{"start":{"line":16,"column":6},"end":{"line":16,"column":22}},"type":"binary-expr","locations":[{"start":{"line":16,"column":6},"end":{"line":16,"column":22}},{"start":{"line":16,"column":26},"end":{"line":16,"column":47}}]},"3":{"loc":{"start":{"line":19,"column":2},"end":{"line":19,"column":51}},"type":"if","locations":[{"start":{"line":19,"column":2},"end":{"line":19,"column":51}},{"start":{"line":19,"column":2},"end":{"line":19,"column":51}}]}},"s":{"0":3,"1":3,"2":3,"3":8,"4":8,"5":1,"6":7,"7":1,"8":6,"9":3,"10":3,"11":3},"f":{"0":8},"b":{"0":[1,7],"1":[1,6],"2":[7,3],"3":[3,3]}}
,"/Users/aymeric.bethencourt/apps/boilerplate/src/app-server/src/resolvers/user/helpers/verifyRecaptchaToken.ts": {"path":"/Users/aymeric.bethencourt/apps/boilerplate/src/app-server/src/resolvers/user/helpers/verifyRecaptchaToken.ts","statementMap":{"0":{"start":{"line":1,"column":0},"end":{"line":1,"column":25}},"1":{"start":{"line":3,"column":0},"end":{"line":3,"column":54}},"2":{"start":{"line":4,"column":0},"end":{"line":4,"column":67}},"3":{"start":{"line":10,"column":13},"end":{"line":24,"column":null}},"4":{"start":{"line":11,"column":2},"end":{"line":11,"column":83}},"5":{"start":{"line":11,"column":77},"end":{"line":11,"column":83}},"6":{"start":{"line":13,"column":19},"end":{"line":21,"column":4}},"7":{"start":{"line":23,"column":2},"end":{"line":23,"column":null}},"8":{"start":{"line":23,"column":61},"end":{"line":23,"column":null}}},"fnMap":{"0":{"name":"(anonymous_0)","decl":{"start":{"line":10,"column":58},"end":{"line":10,"column":63}},"loc":{"start":{"line":10,"column":83},"end":{"line":24,"column":1}}}},"branchMap":{"0":{"loc":{"start":{"line":11,"column":2},"end":{"line":11,"column":83}},"type":"if","locations":[{"start":{"line":11,"column":2},"end":{"line":11,"column":83}},{"start":{"line":11,"column":2},"end":{"line":11,"column":83}}]},"1":{"loc":{"start":{"line":11,"column":6},"end":{"line":11,"column":42}},"type":"binary-expr","locations":[{"start":{"line":11,"column":6},"end":{"line":11,"column":42}},{"start":{"line":11,"column":46},"end":{"line":11,"column":75}}]},"2":{"loc":{"start":{"line":23,"column":2},"end":{"line":23,"column":null}},"type":"if","locations":[{"start":{"line":23,"column":2},"end":{"line":23,"column":null}},{"start":{"line":23,"column":2},"end":{"line":23,"column":null}}]},"3":{"loc":{"start":{"line":23,"column":8},"end":{"line":23,"column":16}},"type":"binary-expr","locations":[{"start":{"line":23,"column":8},"end":{"line":23,"column":16}},{"start":{"line":23,"column":20},"end":{"line":23,"column":33}},{"start":{"line":23,"column":37},"end":{"line":23,"column":58}}]}},"s":{"0":18,"1":18,"2":18,"3":18,"4":24,"5":22,"6":2,"7":2,"8":1},"f":{"0":24},"b":{"0":[22,2],"1":[24,23],"2":[1,1],"3":[2,2,2]}}
,"/Users/aymeric.bethencourt/apps/boilerplate/src/app-server/src/resolvers/user/helpers/verifySignedJwt.ts": {"path":"/Users/aymeric.bethencourt/apps/boilerplate/src/app-server/src/resolvers/user/helpers/verifySignedJwt.ts","statementMap":{"0":{"start":{"line":1,"column":0},"end":{"line":1,"column":44}},"1":{"start":{"line":12,"column":13},"end":{"line":30,"column":null}},"2":{"start":{"line":13,"column":33},"end":{"line":13,"column":71}},"3":{"start":{"line":15,"column":24},"end":{"line":21,"column":null}},"4":{"start":{"line":23,"column":33},"end":{"line":26,"column":null}},"5":{"start":{"line":29,"column":2},"end":{"line":29,"column":null}}},"fnMap":{"0":{"name":"(anonymous_0)","decl":{"start":{"line":12,"column":48},"end":{"line":12,"column":49}},"loc":{"start":{"line":12,"column":56},"end":{"line":30,"column":1}}}},"branchMap":{"0":{"loc":{"start":{"line":17,"column":26},"end":{"line":17,"column":45}},"type":"cond-expr","locations":[{"start":{"line":17,"column":26},"end":{"line":17,"column":45}},{"start":{"line":17,"column":48},"end":{"line":17,"column":57}}]}},"s":{"0":8,"1":8,"2":21,"3":21,"4":21,"5":19},"f":{"0":21},"b":{"0":[20,1]}}
,"/Users/aymeric.bethencourt/apps/boilerplate/src/app-server/src/resolvers/user/login/login.ts": {"path":"/Users/aymeric.bethencourt/apps/boilerplate/src/app-server/src/resolvers/user/login/login.ts","statementMap":{"0":{"start":{"line":1,"column":0},"end":{"line":1,"column":48}},"1":{"start":{"line":2,"column":0},"end":{"line":2,"column":50}},"2":{"start":{"line":5,"column":0},"end":{"line":5,"column":56}},"3":{"start":{"line":6,"column":0},"end":{"line":6,"column":67}},"4":{"start":{"line":7,"column":0},"end":{"line":7,"column":70}},"5":{"start":{"line":8,"column":0},"end":{"line":8,"column":59}},"6":{"start":{"line":9,"column":0},"end":{"line":9,"column":54}},"7":{"start":{"line":10,"column":0},"end":{"line":10,"column":56}},"8":{"start":{"line":11,"column":0},"end":{"line":11,"column":70}},"9":{"start":{"line":12,"column":0},"end":{"line":12,"column":59}},"10":{"start":{"line":15,"column":13},"end":{"line":42,"column":null}},"11":{"start":{"line":16,"column":20},"end":{"line":16,"column":98}},"12":{"start":{"line":17,"column":2},"end":{"line":17,"column":null}},"13":{"start":{"line":18,"column":54},"end":{"line":18,"column":63}},"14":{"start":{"line":20,"column":2},"end":{"line":20,"column":null}},"15":{"start":{"line":22,"column":2},"end":{"line":22,"column":null}},"16":{"start":{"line":24,"column":26},"end":{"line":24,"column":84}},"17":{"start":{"line":25,"column":2},"end":{"line":27,"column":null}},"18":{"start":{"line":26,"column":4},"end":{"line":26,"column":null}},"19":{"start":{"line":28,"column":2},"end":{"line":28,"column":null}},"20":{"start":{"line":28,"column":13},"end":{"line":28,"column":null}},"21":{"start":{"line":30,"column":2},"end":{"line":30,"column":null}},"22":{"start":{"line":32,"column":2},"end":{"line":32,"column":null}},"23":{"start":{"line":34,"column":19},"end":{"line":34,"column":70}},"24":{"start":{"line":36,"column":33},"end":{"line":36,"column":40}},"25":{"start":{"line":38,"column":2},"end":{"line":38,"column":null}},"26":{"start":{"line":39,"column":2},"end":{"line":39,"column":null}},"27":{"start":{"line":41,"column":2},"end":{"line":41,"column":null}}},"fnMap":{"0":{"name":"(anonymous_0)","decl":{"start":{"line":15,"column":21},"end":{"line":15,"column":26}},"loc":{"start":{"line":15,"column":71},"end":{"line":42,"column":1}}}},"branchMap":{"0":{"loc":{"start":{"line":25,"column":2},"end":{"line":27,"column":null}},"type":"if","locations":[{"start":{"line":25,"column":2},"end":{"line":27,"column":null}},{"start":{"line":25,"column":2},"end":{"line":27,"column":null}}]},"1":{"loc":{"start":{"line":28,"column":2},"end":{"line":28,"column":null}},"type":"if","locations":[{"start":{"line":28,"column":2},"end":{"line":28,"column":null}},{"start":{"line":28,"column":2},"end":{"line":28,"column":null}}]}},"s":{"0":1,"1":1,"2":1,"3":1,"4":1,"5":1,"6":1,"7":1,"8":1,"9":1,"10":1,"11":4,"12":4,"13":4,"14":4,"15":4,"16":4,"17":4,"18":2,"19":4,"20":1,"21":3,"22":3,"23":2,"24":2,"25":2,"26":2,"27":2},"f":{"0":4},"b":{"0":[2,2],"1":[1,3]}}
,"/Users/aymeric.bethencourt/apps/boilerplate/src/app-server/src/resolvers/user/resendEmailVerification/resendEmailVerification.ts": {"path":"/Users/aymeric.bethencourt/apps/boilerplate/src/app-server/src/resolvers/user/resendEmailVerification/resendEmailVerification.ts","statementMap":{"0":{"start":{"line":3,"column":0},"end":{"line":3,"column":71}},"1":{"start":{"line":4,"column":0},"end":{"line":4,"column":63}},"2":{"start":{"line":6,"column":0},"end":{"line":6,"column":67}},"3":{"start":{"line":7,"column":0},"end":{"line":7,"column":54}},"4":{"start":{"line":8,"column":0},"end":{"line":8,"column":70}},"5":{"start":{"line":9,"column":0},"end":{"line":9,"column":59}},"6":{"start":{"line":11,"column":13},"end":{"line":29,"column":null}},"7":{"start":{"line":12,"column":21},"end":{"line":12,"column":44}},"8":{"start":{"line":14,"column":2},"end":{"line":14,"column":null}},"9":{"start":{"line":16,"column":32},"end":{"line":19,"column":11}},"10":{"start":{"line":21,"column":2},"end":{"line":21,"column":null}},"11":{"start":{"line":21,"column":16},"end":{"line":21,"column":null}},"12":{"start":{"line":23,"column":2},"end":{"line":23,"column":null}},"13":{"start":{"line":25,"column":2},"end":{"line":25,"column":null}},"14":{"start":{"line":26,"column":2},"end":{"line":26,"column":null}},"15":{"start":{"line":28,"column":2},"end":{"line":28,"column":null}}},"fnMap":{"0":{"name":"(anonymous_0)","decl":{"start":{"line":11,"column":39},"end":{"line":11,"column":44}},"loc":{"start":{"line":11,"column":89},"end":{"line":29,"column":1}}}},"branchMap":{"0":{"loc":{"start":{"line":21,"column":2},"end":{"line":21,"column":null}},"type":"if","locations":[{"start":{"line":21,"column":2},"end":{"line":21,"column":null}},{"start":{"line":21,"column":2},"end":{"line":21,"column":null}}]}},"s":{"0":1,"1":1,"2":1,"3":1,"4":1,"5":1,"6":1,"7":2,"8":2,"9":2,"10":2,"11":1,"12":2,"13":2,"14":2,"15":2},"f":{"0":2},"b":{"0":[1,1]}}
,"/Users/aymeric.bethencourt/apps/boilerplate/src/app-server/src/resolvers/user/resetPassword/resetPassword.ts": {"path":"/Users/aymeric.bethencourt/apps/boilerplate/src/app-server/src/resolvers/user/resetPassword/resetPassword.ts","statementMap":{"0":{"start":{"line":1,"column":0},"end":{"line":1,"column":31}},"1":{"start":{"line":2,"column":0},"end":{"line":2,"column":48}},"2":{"start":{"line":3,"column":0},"end":{"line":3,"column":50}},"3":{"start":{"line":6,"column":0},"end":{"line":6,"column":56}},"4":{"start":{"line":7,"column":0},"end":{"line":7,"column":71}},"5":{"start":{"line":8,"column":0},"end":{"line":8,"column":63}},"6":{"start":{"line":9,"column":0},"end":{"line":9,"column":67}},"7":{"start":{"line":10,"column":0},"end":{"line":10,"column":72}},"8":{"start":{"line":11,"column":0},"end":{"line":11,"column":59}},"9":{"start":{"line":12,"column":0},"end":{"line":12,"column":56}},"10":{"start":{"line":13,"column":0},"end":{"line":13,"column":59}},"11":{"start":{"line":15,"column":13},"end":{"line":43,"column":null}},"12":{"start":{"line":16,"column":28},"end":{"line":16,"column":114}},"13":{"start":{"line":17,"column":2},"end":{"line":17,"column":null}},"14":{"start":{"line":18,"column":43},"end":{"line":18,"column":60}},"15":{"start":{"line":20,"column":28},"end":{"line":23,"column":11}},"16":{"start":{"line":24,"column":2},"end":{"line":24,"column":null}},"17":{"start":{"line":24,"column":16},"end":{"line":24,"column":null}},"18":{"start":{"line":26,"column":22},"end":{"line":26,"column":77}},"19":{"start":{"line":27,"column":2},"end":{"line":27,"column":null}},"20":{"start":{"line":27,"column":13},"end":{"line":27,"column":null}},"21":{"start":{"line":29,"column":2},"end":{"line":29,"column":null}},"22":{"start":{"line":31,"column":2},"end":{"line":31,"column":null}},"23":{"start":{"line":33,"column":33},"end":{"line":33,"column":60}},"24":{"start":{"line":35,"column":2},"end":{"line":35,"column":null}},"25":{"start":{"line":37,"column":2},"end":{"line":37,"column":null}},"26":{"start":{"line":39,"column":2},"end":{"line":39,"column":null}},"27":{"start":{"line":40,"column":2},"end":{"line":40,"column":null}},"28":{"start":{"line":42,"column":2},"end":{"line":42,"column":null}}},"fnMap":{"0":{"name":"(anonymous_0)","decl":{"start":{"line":15,"column":29},"end":{"line":15,"column":34}},"loc":{"start":{"line":15,"column":79},"end":{"line":43,"column":1}}}},"branchMap":{"0":{"loc":{"start":{"line":24,"column":2},"end":{"line":24,"column":null}},"type":"if","locations":[{"start":{"line":24,"column":2},"end":{"line":24,"column":null}},{"start":{"line":24,"column":2},"end":{"line":24,"column":null}}]},"1":{"loc":{"start":{"line":27,"column":2},"end":{"line":27,"column":null}},"type":"if","locations":[{"start":{"line":27,"column":2},"end":{"line":27,"column":null}},{"start":{"line":27,"column":2},"end":{"line":27,"column":null}}]}},"s":{"0":1,"1":1,"2":1,"3":1,"4":1,"5":1,"6":1,"7":1,"8":1,"9":1,"10":1,"11":1,"12":3,"13":3,"14":3,"15":3,"16":3,"17":1,"18":2,"19":2,"20":1,"21":1,"22":1,"23":1,"24":1,"25":1,"26":1,"27":1,"28":1},"f":{"0":3},"b":{"0":[1,2],"1":[1,1]}}
,"/Users/aymeric.bethencourt/apps/boilerplate/src/app-server/src/resolvers/user/signUp/signUp.ts": {"path":"/Users/aymeric.bethencourt/apps/boilerplate/src/app-server/src/resolvers/user/signUp/signUp.ts","statementMap":{"0":{"start":{"line":1,"column":0},"end":{"line":1,"column":31}},"1":{"start":{"line":2,"column":0},"end":{"line":2,"column":48}},"2":{"start":{"line":3,"column":0},"end":{"line":3,"column":50}},"3":{"start":{"line":6,"column":0},"end":{"line":6,"column":56}},"4":{"start":{"line":8,"column":0},"end":{"line":8,"column":63}},"5":{"start":{"line":9,"column":0},"end":{"line":9,"column":67}},"6":{"start":{"line":11,"column":0},"end":{"line":11,"column":73}},"7":{"start":{"line":12,"column":0},"end":{"line":12,"column":59}},"8":{"start":{"line":13,"column":0},"end":{"line":13,"column":67}},"9":{"start":{"line":14,"column":0},"end":{"line":14,"column":54}},"10":{"start":{"line":15,"column":0},"end":{"line":15,"column":70}},"11":{"start":{"line":16,"column":0},"end":{"line":16,"column":70}},"12":{"start":{"line":18,"column":13},"end":{"line":49,"column":null}},"13":{"start":{"line":19,"column":21},"end":{"line":19,"column":100}},"14":{"start":{"line":20,"column":2},"end":{"line":20,"column":null}},"15":{"start":{"line":21,"column":54},"end":{"line":21,"column":64}},"16":{"start":{"line":23,"column":2},"end":{"line":23,"column":null}},"17":{"start":{"line":24,"column":2},"end":{"line":24,"column":null}},"18":{"start":{"line":26,"column":2},"end":{"line":26,"column":null}},"19":{"start":{"line":28,"column":41},"end":{"line":28,"column":82}},"20":{"start":{"line":29,"column":2},"end":{"line":29,"column":null}},"21":{"start":{"line":29,"column":25},"end":{"line":29,"column":null}},"22":{"start":{"line":31,"column":44},"end":{"line":31,"column":88}},"23":{"start":{"line":32,"column":2},"end":{"line":32,"column":null}},"24":{"start":{"line":32,"column":28},"end":{"line":32,"column":null}},"25":{"start":{"line":34,"column":25},"end":{"line":34,"column":49}},"26":{"start":{"line":35,"column":21},"end":{"line":35,"column":84}},"27":{"start":{"line":37,"column":19},"end":{"line":37,"column":70}},"28":{"start":{"line":39,"column":27},"end":{"line":39,"column":93}},"29":{"start":{"line":41,"column":2},"end":{"line":41,"column":null}},"30":{"start":{"line":43,"column":34},"end":{"line":43,"column":41}},"31":{"start":{"line":45,"column":2},"end":{"line":45,"column":null}},"32":{"start":{"line":46,"column":2},"end":{"line":46,"column":null}},"33":{"start":{"line":48,"column":2},"end":{"line":48,"column":null}}},"fnMap":{"0":{"name":"(anonymous_0)","decl":{"start":{"line":18,"column":22},"end":{"line":18,"column":27}},"loc":{"start":{"line":18,"column":72},"end":{"line":49,"column":1}}}},"branchMap":{"0":{"loc":{"start":{"line":29,"column":2},"end":{"line":29,"column":null}},"type":"if","locations":[{"start":{"line":29,"column":2},"end":{"line":29,"column":null}},{"start":{"line":29,"column":2},"end":{"line":29,"column":null}}]},"1":{"loc":{"start":{"line":32,"column":2},"end":{"line":32,"column":null}},"type":"if","locations":[{"start":{"line":32,"column":2},"end":{"line":32,"column":null}},{"start":{"line":32,"column":2},"end":{"line":32,"column":null}}]}},"s":{"0":17,"1":17,"2":17,"3":17,"4":17,"5":17,"6":17,"7":17,"8":17,"9":17,"10":17,"11":17,"12":17,"13":21,"14":21,"15":20,"16":20,"17":20,"18":20,"19":20,"20":20,"21":1,"22":19,"23":19,"24":1,"25":18,"26":18,"27":18,"28":18,"29":18,"30":18,"31":18,"32":18,"33":18},"f":{"0":21},"b":{"0":[1,19],"1":[1,18]}}
,"/Users/aymeric.bethencourt/apps/boilerplate/src/app-server/src/resolvers/user/verifyEmail/verifyEmail.ts": {"path":"/Users/aymeric.bethencourt/apps/boilerplate/src/app-server/src/resolvers/user/verifyEmail/verifyEmail.ts","statementMap":{"0":{"start":{"line":1,"column":0},"end":{"line":1,"column":48}},"1":{"start":{"line":2,"column":0},"end":{"line":2,"column":50}},"2":{"start":{"line":5,"column":0},"end":{"line":5,"column":56}},"3":{"start":{"line":6,"column":0},"end":{"line":6,"column":62}},"4":{"start":{"line":7,"column":0},"end":{"line":7,"column":63}},"5":{"start":{"line":8,"column":0},"end":{"line":8,"column":59}},"6":{"start":{"line":9,"column":0},"end":{"line":9,"column":68}},"7":{"start":{"line":10,"column":0},"end":{"line":10,"column":54}},"8":{"start":{"line":11,"column":0},"end":{"line":11,"column":56}},"9":{"start":{"line":12,"column":0},"end":{"line":12,"column":59}},"10":{"start":{"line":14,"column":13},"end":{"line":36,"column":null}},"11":{"start":{"line":15,"column":26},"end":{"line":15,"column":110}},"12":{"start":{"line":16,"column":2},"end":{"line":16,"column":null}},"13":{"start":{"line":17,"column":23},"end":{"line":17,"column":38}},"14":{"start":{"line":19,"column":21},"end":{"line":19,"column":44}},"15":{"start":{"line":21,"column":2},"end":{"line":21,"column":null}},"16":{"start":{"line":23,"column":2},"end":{"line":23,"column":null}},"17":{"start":{"line":25,"column":2},"end":{"line":25,"column":null}},"18":{"start":{"line":27,"column":2},"end":{"line":30,"column":null}},"19":{"start":{"line":32,"column":2},"end":{"line":32,"column":null}},"20":{"start":{"line":33,"column":2},"end":{"line":33,"column":null}},"21":{"start":{"line":35,"column":2},"end":{"line":35,"column":null}}},"fnMap":{"0":{"name":"(anonymous_0)","decl":{"start":{"line":14,"column":27},"end":{"line":14,"column":32}},"loc":{"start":{"line":14,"column":77},"end":{"line":36,"column":1}}}},"branchMap":{},"s":{"0":1,"1":1,"2":1,"3":1,"4":1,"5":1,"6":1,"7":1,"8":1,"9":1,"10":1,"11":1,"12":1,"13":1,"14":1,"15":1,"16":1,"17":1,"18":1,"19":1,"20":1,"21":1},"f":{"0":1},"b":{}}
,"/Users/aymeric.bethencourt/apps/boilerplate/src/app-server/src/resolvers/vote/sendVote/sendVote.ts": {"path":"/Users/aymeric.bethencourt/apps/boilerplate/src/app-server/src/resolvers/vote/sendVote/sendVote.ts","statementMap":{"0":{"start":{"line":1,"column":0},"end":{"line":1,"column":48}},"1":{"start":{"line":2,"column":0},"end":{"line":2,"column":50}},"2":{"start":{"line":5,"column":0},"end":{"line":5,"column":56}},"3":{"start":{"line":6,"column":0},"end":{"line":6,"column":71}},"4":{"start":{"line":7,"column":0},"end":{"line":7,"column":67}},"5":{"start":{"line":9,"column":0},"end":{"line":9,"column":77}},"6":{"start":{"line":10,"column":0},"end":{"line":10,"column":80}},"7":{"start":{"line":11,"column":0},"end":{"line":11,"column":59}},"8":{"start":{"line":12,"column":0},"end":{"line":12,"column":59}},"9":{"start":{"line":13,"column":0},"end":{"line":13,"column":66}},"10":{"start":{"line":14,"column":0},"end":{"line":14,"column":62}},"11":{"start":{"line":15,"column":0},"end":{"line":15,"column":59}},"12":{"start":{"line":16,"column":0},"end":{"line":16,"column":62}},"13":{"start":{"line":18,"column":13},"end":{"line":84,"column":null}},"14":{"start":{"line":19,"column":23},"end":{"line":19,"column":104}},"15":{"start":{"line":20,"column":2},"end":{"line":20,"column":null}},"16":{"start":{"line":21,"column":39},"end":{"line":21,"column":51}},"17":{"start":{"line":23,"column":21},"end":{"line":23,"column":44}},"18":{"start":{"line":25,"column":2},"end":{"line":25,"column":null}},"19":{"start":{"line":28,"column":28},"end":{"line":28,"column":81}},"20":{"start":{"line":29,"column":2},"end":{"line":29,"column":null}},"21":{"start":{"line":29,"column":16},"end":{"line":29,"column":null}},"22":{"start":{"line":32,"column":28},"end":{"line":36,"column":11}},"23":{"start":{"line":37,"column":2},"end":{"line":37,"column":null}},"24":{"start":{"line":37,"column":12},"end":{"line":37,"column":null}},"25":{"start":{"line":40,"column":40},"end":{"line":46,"column":10}},"26":{"start":{"line":49,"column":21},"end":{"line":49,"column":76}},"27":{"start":{"line":50,"column":21},"end":{"line":50,"column":113}},"28":{"start":{"line":52,"column":17},"end":{"line":52,"column":19}},"29":{"start":{"line":53,"column":2},"end":{"line":56,"column":48}},"30":{"start":{"line":53,"column":58},"end":{"line":53,"column":null}},"31":{"start":{"line":54,"column":7},"end":{"line":56,"column":48}},"32":{"start":{"line":54,"column":61},"end":{"line":54,"column":null}},"33":{"start":{"line":55,"column":7},"end":{"line":56,"column":48}},"34":{"start":{"line":55,"column":63},"end":{"line":55,"column":null}},"35":{"start":{"line":56,"column":7},"end":{"line":56,"column":48}},"36":{"start":{"line":58,"column":2},"end":{"line":63,"column":null}},"37":{"start":{"line":66,"column":30},"end":{"line":66,"column":85}},"38":{"start":{"line":68,"column":2},"end":{"line":78,"column":null}},"39":{"start":{"line":70,"column":6},"end":{"line":70,"column":114}},"40":{"start":{"line":71,"column":4},"end":{"line":77,"column":null}},"41":{"start":{"line":80,"column":2},"end":{"line":80,"column":null}},"42":{"start":{"line":81,"column":2},"end":{"line":81,"column":null}},"43":{"start":{"line":83,"column":2},"end":{"line":83,"column":null}}},"fnMap":{"0":{"name":"(anonymous_0)","decl":{"start":{"line":18,"column":24},"end":{"line":18,"column":29}},"loc":{"start":{"line":18,"column":74},"end":{"line":84,"column":1}}}},"branchMap":{"0":{"loc":{"start":{"line":29,"column":2},"end":{"line":29,"column":null}},"type":"if","locations":[{"start":{"line":29,"column":2},"end":{"line":29,"column":null}},{"start":{"line":29,"column":2},"end":{"line":29,"column":null}}]},"1":{"loc":{"start":{"line":37,"column":2},"end":{"line":37,"column":null}},"type":"if","locations":[{"start":{"line":37,"column":2},"end":{"line":37,"column":null}},{"start":{"line":37,"column":2},"end":{"line":37,"column":null}}]},"2":{"loc":{"start":{"line":49,"column":21},"end":{"line":49,"column":39}},"type":"binary-expr","locations":[{"start":{"line":49,"column":21},"end":{"line":49,"column":39}},{"start":{"line":49,"column":43},"end":{"line":49,"column":76}}]},"3":{"loc":{"start":{"line":50,"column":21},"end":{"line":50,"column":39}},"type":"binary-expr","locations":[{"start":{"line":50,"column":21},"end":{"line":50,"column":39}},{"start":{"line":50,"column":43},"end":{"line":50,"column":70}},{"start":{"line":50,"column":74},"end":{"line":50,"column":113}}]},"4":{"loc":{"start":{"line":53,"column":2},"end":{"line":56,"column":48}},"type":"if","locations":[{"start":{"line":53,"column":2},"end":{"line":56,"column":48}},{"start":{"line":53,"column":2},"end":{"line":56,"column":48}}]},"5":{"loc":{"start":{"line":53,"column":6},"end":{"line":53,"column":16}},"type":"binary-expr","locations":[{"start":{"line":53,"column":6},"end":{"line":53,"column":16}},{"start":{"line":53,"column":20},"end":{"line":53,"column":56}}]},"6":{"loc":{"start":{"line":54,"column":7},"end":{"line":56,"column":48}},"type":"if","locations":[{"start":{"line":54,"column":7},"end":{"line":56,"column":48}},{"start":{"line":54,"column":7},"end":{"line":56,"column":48}}]},"7":{"loc":{"start":{"line":54,"column":11},"end":{"line":54,"column":21}},"type":"binary-expr","locations":[{"start":{"line":54,"column":11},"end":{"line":54,"column":21}},{"start":{"line":54,"column":25},"end":{"line":54,"column":59}}]},"8":{"loc":{"start":{"line":55,"column":7},"end":{"line":56,"column":48}},"type":"if","locations":[{"start":{"line":55,"column":7},"end":{"line":56,"column":48}},{"start":{"line":55,"column":7},"end":{"line":56,"column":48}}]},"9":{"loc":{"start":{"line":55,"column":11},"end":{"line":55,"column":21}},"type":"binary-expr","locations":[{"start":{"line":55,"column":11},"end":{"line":55,"column":21}},{"start":{"line":55,"column":25},"end":{"line":55,"column":61}}]},"10":{"loc":{"start":{"line":68,"column":2},"end":{"line":78,"column":null}},"type":"if","locations":[{"start":{"line":68,"column":2},"end":{"line":78,"column":null}},{"start":{"line":68,"column":2},"end":{"line":78,"column":null}}]},"11":{"loc":{"start":{"line":70,"column":45},"end":{"line":70,"column":79}},"type":"cond-expr","locations":[{"start":{"line":70,"column":45},"end":{"line":70,"column":79}},{"start":{"line":70,"column":82},"end":{"line":70,"column":114}}]}},"s":{"0":1,"1":1,"2":1,"3":1,"4":1,"5":1,"6":1,"7":1,"8":1,"9":1,"10":1,"11":1,"12":1,"13":1,"14":8,"15":8,"16":8,"17":8,"18":8,"19":8,"20":8,"21":1,"22":7,"23":7,"24":1,"25":6,"26":6,"27":6,"28":6,"29":6,"30":1,"31":5,"32":1,"33":4,"34":2,"35":2,"36":6,"37":6,"38":6,"39":3,"40":3,"41":6,"42":6,"43":6},"f":{"0":8},"b":{"0":[1,7],"1":[1,6],"2":[6,6],"3":[6,6,2],"4":[1,5],"5":[6,2],"6":[1,4],"7":[5,1],"8":[2,2],"9":[4,4],"10":[3,3],"11":[1,2]}}
,"/Users/aymeric.bethencourt/apps/boilerplate/src/app-server/src/shared/captcha/Captcha.ts": {"path":"/Users/aymeric.bethencourt/apps/boilerplate/src/app-server/src/shared/captcha/Captcha.ts","statementMap":{"0":{"start":{"line":1,"column":0},"end":{"line":1,"column":32}},"1":{"start":{"line":2,"column":0},"end":{"line":2,"column":86}},"2":{"start":{"line":4,"column":0},"end":{"line":4,"column":34}},"3":{"start":{"line":5,"column":0},"end":{"line":5,"column":43}},"4":{"start":{"line":6,"column":0},"end":{"line":6,"column":67}},"5":{"start":{"line":7,"column":0},"end":{"line":7,"column":41}},"6":{"start":{"line":10,"column":0},"end":{"line":55,"column":null}},"7":{"start":{"line":12,"column":2},"end":{"line":12,"column":null}},"8":{"start":{"line":16,"column":2},"end":{"line":16,"column":null}},"9":{"start":{"line":20,"column":2},"end":{"line":20,"column":null}},"10":{"start":{"line":24,"column":2},"end":{"line":24,"column":null}},"11":{"start":{"line":28,"column":2},"end":{"line":28,"column":null}},"12":{"start":{"line":33,"column":2},"end":{"line":33,"column":null}},"13":{"start":{"line":40,"column":2},"end":{"line":40,"column":null}},"14":{"start":{"line":48,"column":2},"end":{"line":48,"column":null}},"15":{"start":{"line":51,"column":2},"end":{"line":51,"column":null}},"16":{"start":{"line":54,"column":2},"end":{"line":54,"column":null}},"17":{"start":{"line":10,"column":13},"end":{"line":55,"column":null}},"18":{"start":{"line":10,"column":13},"end":{"line":10,"column":20}},"19":{"start":{"line":57,"column":13},"end":{"line":57,"column":null}}},"fnMap":{},"branchMap":{},"s":{"0":18,"1":18,"2":18,"3":18,"4":18,"5":18,"6":18,"7":18,"8":18,"9":18,"10":18,"11":18,"12":18,"13":18,"14":18,"15":18,"16":18,"17":18,"18":18,"19":18},"f":{},"b":{}}
,"/Users/aymeric.bethencourt/apps/boilerplate/src/app-server/src/shared/captcha/CaptchaFor.ts": {"path":"/Users/aymeric.bethencourt/apps/boilerplate/src/app-server/src/shared/captcha/CaptchaFor.ts","statementMap":{"0":{"start":{"line":1,"column":0},"end":{"line":1,"column":null}},"1":{"start":{"line":2,"column":2},"end":{"line":2,"column":null}},"2":{"start":{"line":3,"column":2},"end":{"line":3,"column":null}}},"fnMap":{"0":{"name":"(anonymous_0)","decl":{"start":{"line":1,"column":0},"end":{"line":1,"column":12}},"loc":{"start":{"line":1,"column":22},"end":{"line":4,"column":1}}}},"branchMap":{"0":{"loc":{"start":{"line":1,"column":12},"end":{"line":1,"column":22}},"type":"binary-expr","locations":[{"start":{"line":1,"column":12},"end":{"line":1,"column":22}},{"start":{"line":1,"column":12},"end":{"line":1,"column":null}}]}},"s":{"0":18,"1":18,"2":18},"f":{"0":18},"b":{"0":[18,18]}}
,"/Users/aymeric.bethencourt/apps/boilerplate/src/app-server/src/shared/comment/AddCommentView.ts": {"path":"/Users/aymeric.bethencourt/apps/boilerplate/src/app-server/src/shared/comment/AddCommentView.ts","statementMap":{"0":{"start":{"line":1,"column":0},"end":{"line":1,"column":43}},"1":{"start":{"line":2,"column":0},"end":{"line":2,"column":42}},"2":{"start":{"line":3,"column":0},"end":{"line":3,"column":34}},"3":{"start":{"line":8,"column":2},"end":{"line":8,"column":null}},"4":{"start":{"line":5,"column":0},"end":{"line":5,"column":13}},"5":{"start":{"line":11,"column":0},"end":{"line":11,"column":13}}},"fnMap":{},"branchMap":{},"s":{"0":1,"1":1,"2":1,"3":1,"4":1,"5":1},"f":{},"b":{}}
,"/Users/aymeric.bethencourt/apps/boilerplate/src/app-server/src/shared/comment/Comment.ts": {"path":"/Users/aymeric.bethencourt/apps/boilerplate/src/app-server/src/shared/comment/Comment.ts","statementMap":{"0":{"start":{"line":1,"column":0},"end":{"line":1,"column":97}},"1":{"start":{"line":2,"column":0},"end":{"line":2,"column":34}},"2":{"start":{"line":3,"column":0},"end":{"line":3,"column":60}},"3":{"start":{"line":4,"column":0},"end":{"line":4,"column":43}},"4":{"start":{"line":5,"column":0},"end":{"line":5,"column":47}},"5":{"start":{"line":9,"column":2},"end":{"line":9,"column":null}},"6":{"start":{"line":13,"column":2},"end":{"line":13,"column":null}},"7":{"start":{"line":18,"column":2},"end":{"line":18,"column":null}},"8":{"start":{"line":23,"column":2},"end":{"line":23,"column":null}},"9":{"start":{"line":28,"column":2},"end":{"line":28,"column":null}},"10":{"start":{"line":33,"column":2},"end":{"line":33,"column":null}},"11":{"start":{"line":37,"column":2},"end":{"line":37,"column":null}},"12":{"start":{"line":42,"column":2},"end":{"line":42,"column":null}},"13":{"start":{"line":47,"column":2},"end":{"line":47,"column":null}},"14":{"start":{"line":52,"column":2},"end":{"line":52,"column":null}},"15":{"start":{"line":57,"column":2},"end":{"line":57,"column":null}},"16":{"start":{"line":62,"column":2},"end":{"line":62,"column":null}},"17":{"start":{"line":67,"column":2},"end":{"line":67,"column":null}},"18":{"start":{"line":72,"column":2},"end":{"line":72,"column":null}},"19":{"start":{"line":77,"column":2},"end":{"line":77,"column":null}},"20":{"start":{"line":82,"column":2},"end":{"line":82,"column":null}},"21":{"start":{"line":87,"column":2},"end":{"line":87,"column":null}},"22":{"start":{"line":90,"column":2},"end":{"line":90,"column":null}},"23":{"start":{"line":93,"column":2},"end":{"line":93,"column":null}},"24":{"start":{"line":7,"column":0},"end":{"line":7,"column":13}},"25":{"start":{"line":96,"column":13},"end":{"line":96,"column":null}}},"fnMap":{},"branchMap":{},"s":{"0":5,"1":5,"2":5,"3":5,"4":5,"5":5,"6":5,"7":5,"8":5,"9":5,"10":5,"11":5,"12":5,"13":5,"14":5,"15":5,"16":5,"17":5,"18":5,"19":5,"20":5,"21":5,"22":5,"23":5,"24":5,"25":5},"f":{},"b":{}}
,"/Users/aymeric.bethencourt/apps/boilerplate/src/app-server/src/shared/comment/CommentStatus.ts": {"path":"/Users/aymeric.bethencourt/apps/boilerplate/src/app-server/src/shared/comment/CommentStatus.ts","statementMap":{"0":{"start":{"line":1,"column":0},"end":{"line":1,"column":null}},"1":{"start":{"line":2,"column":2},"end":{"line":2,"column":null}},"2":{"start":{"line":3,"column":2},"end":{"line":3,"column":null}},"3":{"start":{"line":4,"column":2},"end":{"line":4,"column":null}}},"fnMap":{"0":{"name":"(anonymous_0)","decl":{"start":{"line":1,"column":0},"end":{"line":1,"column":12}},"loc":{"start":{"line":1,"column":25},"end":{"line":5,"column":1}}}},"branchMap":{"0":{"loc":{"start":{"line":1,"column":12},"end":{"line":1,"column":25}},"type":"binary-expr","locations":[{"start":{"line":1,"column":12},"end":{"line":1,"column":25}},{"start":{"line":1,"column":12},"end":{"line":1,"column":null}}]}},"s":{"0":5,"1":5,"2":5,"3":5},"f":{"0":5},"b":{"0":[5,5]}}
,"/Users/aymeric.bethencourt/apps/boilerplate/src/app-server/src/shared/comment/CommentType.ts": {"path":"/Users/aymeric.bethencourt/apps/boilerplate/src/app-server/src/shared/comment/CommentType.ts","statementMap":{"0":{"start":{"line":1,"column":0},"end":{"line":1,"column":null}},"1":{"start":{"line":2,"column":2},"end":{"line":2,"column":null}},"2":{"start":{"line":3,"column":2},"end":{"line":3,"column":null}},"3":{"start":{"line":4,"column":2},"end":{"line":4,"column":null}}},"fnMap":{"0":{"name":"(anonymous_0)","decl":{"start":{"line":1,"column":0},"end":{"line":1,"column":12}},"loc":{"start":{"line":1,"column":23},"end":{"line":5,"column":1}}}},"branchMap":{"0":{"loc":{"start":{"line":1,"column":12},"end":{"line":1,"column":23}},"type":"binary-expr","locations":[{"start":{"line":1,"column":12},"end":{"line":1,"column":23}},{"start":{"line":1,"column":12},"end":{"line":1,"column":null}}]}},"s":{"0":5,"1":5,"2":5,"3":5},"f":{"0":5},"b":{"0":[5,5]}}
,"/Users/aymeric.bethencourt/apps/boilerplate/src/app-server/src/shared/comment/GetComment.ts": {"path":"/Users/aymeric.bethencourt/apps/boilerplate/src/app-server/src/shared/comment/GetComment.ts","statementMap":{"0":{"start":{"line":1,"column":0},"end":{"line":1,"column":43}},"1":{"start":{"line":2,"column":0},"end":{"line":2,"column":42}},"2":{"start":{"line":3,"column":0},"end":{"line":3,"column":34}},"3":{"start":{"line":4,"column":0},"end":{"line":4,"column":47}},"4":{"start":{"line":5,"column":0},"end":{"line":5,"column":35}},"5":{"start":{"line":10,"column":2},"end":{"line":10,"column":null}},"6":{"start":{"line":7,"column":0},"end":{"line":7,"column":13}},"7":{"start":{"line":15,"column":2},"end":{"line":15,"column":null}},"8":{"start":{"line":18,"column":2},"end":{"line":18,"column":null}},"9":{"start":{"line":13,"column":0},"end":{"line":13,"column":13}}},"fnMap":{},"branchMap":{},"s":{"0":1,"1":1,"2":1,"3":1,"4":1,"5":1,"6":1,"7":1,"8":1,"9":1},"f":{},"b":{}}
,"/Users/aymeric.bethencourt/apps/boilerplate/src/app-server/src/shared/comment/GetLatestComments.ts": {"path":"/Users/aymeric.bethencourt/apps/boilerplate/src/app-server/src/shared/comment/GetLatestComments.ts","statementMap":{"0":{"start":{"line":1,"column":0},"end":{"line":1,"column":64}},"1":{"start":{"line":2,"column":0},"end":{"line":2,"column":42}},"2":{"start":{"line":3,"column":0},"end":{"line":3,"column":34}},"3":{"start":{"line":11,"column":2},"end":{"line":11,"column":null}},"4":{"start":{"line":7,"column":0},"end":{"line":7,"column":13}},"5":{"start":{"line":17,"column":2},"end":{"line":17,"column":null}},"6":{"start":{"line":21,"column":2},"end":{"line":21,"column":null}},"7":{"start":{"line":14,"column":0},"end":{"line":14,"column":13}}},"fnMap":{},"branchMap":{},"s":{"0":1,"1":1,"2":1,"3":1,"4":1,"5":1,"6":1,"7":1},"f":{},"b":{}}
,"/Users/aymeric.bethencourt/apps/boilerplate/src/app-server/src/shared/comment/NewComment.ts": {"path":"/Users/aymeric.bethencourt/apps/boilerplate/src/app-server/src/shared/comment/NewComment.ts","statementMap":{"0":{"start":{"line":1,"column":0},"end":{"line":1,"column":60}},"1":{"start":{"line":2,"column":0},"end":{"line":2,"column":42}},"2":{"start":{"line":3,"column":0},"end":{"line":3,"column":47}},"3":{"start":{"line":4,"column":0},"end":{"line":4,"column":43}},"4":{"start":{"line":5,"column":0},"end":{"line":5,"column":35}},"5":{"start":{"line":11,"column":2},"end":{"line":11,"column":null}},"6":{"start":{"line":15,"column":2},"end":{"line":15,"column":null}},"7":{"start":{"line":20,"column":2},"end":{"line":20,"column":null}},"8":{"start":{"line":25,"column":2},"end":{"line":25,"column":null}},"9":{"start":{"line":30,"column":2},"end":{"line":30,"column":null}},"10":{"start":{"line":7,"column":0},"end":{"line":7,"column":13}},"11":{"start":{"line":35,"column":2},"end":{"line":35,"column":null}},"12":{"start":{"line":38,"column":2},"end":{"line":38,"column":null}},"13":{"start":{"line":33,"column":0},"end":{"line":33,"column":13}}},"fnMap":{},"branchMap":{},"s":{"0":1,"1":1,"2":1,"3":1,"4":1,"5":1,"6":1,"7":1,"8":1,"9":1,"10":1,"11":1,"12":1,"13":1},"f":{},"b":{}}
,"/Users/aymeric.bethencourt/apps/boilerplate/src/app-server/src/shared/mongo/ResponseError.ts": {"path":"/Users/aymeric.bethencourt/apps/boilerplate/src/app-server/src/shared/mongo/ResponseError.ts","statementMap":{"0":{"start":{"line":6,"column":4},"end":{"line":6,"column":null}},"1":{"start":{"line":7,"column":4},"end":{"line":7,"column":null}},"2":{"start":{"line":8,"column":4},"end":{"line":8,"column":null}},"3":{"start":{"line":10,"column":4},"end":{"line":10,"column":null}},"4":{"start":{"line":1,"column":0},"end":{"line":1,"column":13}}},"fnMap":{"0":{"name":"(anonymous_0)","decl":{"start":{"line":5,"column":2},"end":{"line":5,"column":14}},"loc":{"start":{"line":5,"column":39},"end":{"line":11,"column":3}}}},"branchMap":{},"s":{"0":26,"1":26,"2":26,"3":26,"4":20},"f":{"0":26},"b":{}}
,"/Users/aymeric.bethencourt/apps/boilerplate/src/app-server/src/shared/notification/Notification.ts": {"path":"/Users/aymeric.bethencourt/apps/boilerplate/src/app-server/src/shared/notification/Notification.ts","statementMap":{"0":{"start":{"line":1,"column":0},"end":{"line":1,"column":86}},"1":{"start":{"line":2,"column":0},"end":{"line":2,"column":34}},"2":{"start":{"line":3,"column":0},"end":{"line":3,"column":60}},"3":{"start":{"line":4,"column":0},"end":{"line":4,"column":41}},"4":{"start":{"line":5,"column":0},"end":{"line":5,"column":53}},"5":{"start":{"line":9,"column":2},"end":{"line":9,"column":null}},"6":{"start":{"line":13,"column":2},"end":{"line":13,"column":null}},"7":{"start":{"line":18,"column":2},"end":{"line":18,"column":null}},"8":{"start":{"line":23,"column":2},"end":{"line":23,"column":null}},"9":{"start":{"line":28,"column":2},"end":{"line":28,"column":null}},"10":{"start":{"line":33,"column":2},"end":{"line":33,"column":null}},"11":{"start":{"line":38,"column":2},"end":{"line":38,"column":null}},"12":{"start":{"line":43,"column":2},"end":{"line":43,"column":null}},"13":{"start":{"line":47,"column":2},"end":{"line":47,"column":null}},"14":{"start":{"line":50,"column":2},"end":{"line":50,"column":null}},"15":{"start":{"line":53,"column":2},"end":{"line":53,"column":null}},"16":{"start":{"line":7,"column":0},"end":{"line":7,"column":13}},"17":{"start":{"line":56,"column":13},"end":{"line":56,"column":null}}},"fnMap":{},"branchMap":{},"s":{"0":2,"1":2,"2":2,"3":2,"4":2,"5":2,"6":2,"7":2,"8":2,"9":2,"10":2,"11":2,"12":2,"13":2,"14":2,"15":2,"16":2,"17":2},"f":{},"b":{}}
,"/Users/aymeric.bethencourt/apps/boilerplate/src/app-server/src/shared/notification/NotificationType.ts": {"path":"/Users/aymeric.bethencourt/apps/boilerplate/src/app-server/src/shared/notification/NotificationType.ts","statementMap":{"0":{"start":{"line":1,"column":0},"end":{"line":1,"column":null}},"1":{"start":{"line":2,"column":2},"end":{"line":2,"column":null}},"2":{"start":{"line":3,"column":2},"end":{"line":3,"column":null}},"3":{"start":{"line":4,"column":2},"end":{"line":4,"column":null}},"4":{"start":{"line":5,"column":2},"end":{"line":5,"column":null}},"5":{"start":{"line":6,"column":2},"end":{"line":6,"column":null}}},"fnMap":{"0":{"name":"(anonymous_0)","decl":{"start":{"line":1,"column":0},"end":{"line":1,"column":12}},"loc":{"start":{"line":1,"column":28},"end":{"line":7,"column":1}}}},"branchMap":{"0":{"loc":{"start":{"line":1,"column":12},"end":{"line":1,"column":28}},"type":"binary-expr","locations":[{"start":{"line":1,"column":12},"end":{"line":1,"column":28}},{"start":{"line":1,"column":12},"end":{"line":1,"column":null}}]}},"s":{"0":2,"1":2,"2":2,"3":2,"4":2,"5":2},"f":{"0":2},"b":{"0":[2,2]}}
,"/Users/aymeric.bethencourt/apps/boilerplate/src/app-server/src/shared/notification/TargetType.ts": {"path":"/Users/aymeric.bethencourt/apps/boilerplate/src/app-server/src/shared/notification/TargetType.ts","statementMap":{"0":{"start":{"line":1,"column":0},"end":{"line":1,"column":null}},"1":{"start":{"line":2,"column":2},"end":{"line":2,"column":null}},"2":{"start":{"line":3,"column":2},"end":{"line":3,"column":null}},"3":{"start":{"line":4,"column":2},"end":{"line":4,"column":null}},"4":{"start":{"line":5,"column":2},"end":{"line":5,"column":null}}},"fnMap":{"0":{"name":"(anonymous_0)","decl":{"start":{"line":1,"column":0},"end":{"line":1,"column":12}},"loc":{"start":{"line":1,"column":22},"end":{"line":6,"column":1}}}},"branchMap":{"0":{"loc":{"start":{"line":1,"column":12},"end":{"line":1,"column":22}},"type":"binary-expr","locations":[{"start":{"line":1,"column":12},"end":{"line":1,"column":22}},{"start":{"line":1,"column":12},"end":{"line":1,"column":null}}]}},"s":{"0":2,"1":2,"2":2,"3":2,"4":2},"f":{"0":2},"b":{"0":[2,2]}}
,"/Users/aymeric.bethencourt/apps/boilerplate/src/app-server/src/shared/quota/Quota.ts": {"path":"/Users/aymeric.bethencourt/apps/boilerplate/src/app-server/src/shared/quota/Quota.ts","statementMap":{"0":{"start":{"line":1,"column":0},"end":{"line":1,"column":78}},"1":{"start":{"line":3,"column":0},"end":{"line":3,"column":34}},"2":{"start":{"line":4,"column":0},"end":{"line":4,"column":43}},"3":{"start":{"line":5,"column":0},"end":{"line":5,"column":67}},"4":{"start":{"line":6,"column":0},"end":{"line":6,"column":39}},"5":{"start":{"line":9,"column":0},"end":{"line":34,"column":null}},"6":{"start":{"line":11,"column":2},"end":{"line":11,"column":null}},"7":{"start":{"line":15,"column":2},"end":{"line":15,"column":null}},"8":{"start":{"line":20,"column":2},"end":{"line":20,"column":null}},"9":{"start":{"line":25,"column":2},"end":{"line":25,"column":null}},"10":{"start":{"line":33,"column":2},"end":{"line":33,"column":null}},"11":{"start":{"line":9,"column":13},"end":{"line":34,"column":null}},"12":{"start":{"line":9,"column":13},"end":{"line":9,"column":18}},"13":{"start":{"line":36,"column":13},"end":{"line":36,"column":null}}},"fnMap":{},"branchMap":{},"s":{"0":9,"1":9,"2":9,"3":9,"4":9,"5":9,"6":9,"7":9,"8":9,"9":9,"10":9,"11":9,"12":9,"13":9},"f":{},"b":{}}
,"/Users/aymeric.bethencourt/apps/boilerplate/src/app-server/src/shared/quota/QuotaType.ts": {"path":"/Users/aymeric.bethencourt/apps/boilerplate/src/app-server/src/shared/quota/QuotaType.ts","statementMap":{"0":{"start":{"line":1,"column":0},"end":{"line":1,"column":null}},"1":{"start":{"line":2,"column":2},"end":{"line":2,"column":null}},"2":{"start":{"line":3,"column":2},"end":{"line":3,"column":null}},"3":{"start":{"line":4,"column":2},"end":{"line":4,"column":null}}},"fnMap":{"0":{"name":"(anonymous_0)","decl":{"start":{"line":1,"column":0},"end":{"line":1,"column":12}},"loc":{"start":{"line":1,"column":21},"end":{"line":5,"column":1}}}},"branchMap":{"0":{"loc":{"start":{"line":1,"column":12},"end":{"line":1,"column":21}},"type":"binary-expr","locations":[{"start":{"line":1,"column":12},"end":{"line":1,"column":21}},{"start":{"line":1,"column":12},"end":{"line":1,"column":null}}]}},"s":{"0":9,"1":9,"2":9,"3":9},"f":{"0":9},"b":{"0":[9,9]}}
,"/Users/aymeric.bethencourt/apps/boilerplate/src/app-server/src/shared/user/ChangePassword.ts": {"path":"/Users/aymeric.bethencourt/apps/boilerplate/src/app-server/src/shared/user/ChangePassword.ts","statementMap":{"0":{"start":{"line":1,"column":0},"end":{"line":1,"column":49}},"1":{"start":{"line":2,"column":0},"end":{"line":2,"column":42}},"2":{"start":{"line":8,"column":2},"end":{"line":8,"column":null}},"3":{"start":{"line":13,"column":2},"end":{"line":13,"column":null}},"4":{"start":{"line":4,"column":0},"end":{"line":4,"column":13}},"5":{"start":{"line":16,"column":0},"end":{"line":16,"column":13}}},"fnMap":{},"branchMap":{},"s":{"0":1,"1":1,"2":1,"3":1,"4":1,"5":1},"f":{},"b":{}}
,"/Users/aymeric.bethencourt/apps/boilerplate/src/app-server/src/shared/user/ForgotPassword.ts": {"path":"/Users/aymeric.bethencourt/apps/boilerplate/src/app-server/src/shared/user/ForgotPassword.ts","statementMap":{"0":{"start":{"line":1,"column":0},"end":{"line":1,"column":40}},"1":{"start":{"line":2,"column":0},"end":{"line":2,"column":42}},"2":{"start":{"line":7,"column":2},"end":{"line":7,"column":null}},"3":{"start":{"line":11,"column":2},"end":{"line":11,"column":null}},"4":{"start":{"line":4,"column":0},"end":{"line":4,"column":13}},"5":{"start":{"line":14,"column":0},"end":{"line":14,"column":13}}},"fnMap":{},"branchMap":{},"s":{"0":1,"1":1,"2":1,"3":1,"4":1,"5":1},"f":{},"b":{}}
,"/Users/aymeric.bethencourt/apps/boilerplate/src/app-server/src/shared/user/GetPublicUser.ts": {"path":"/Users/aymeric.bethencourt/apps/boilerplate/src/app-server/src/shared/user/GetPublicUser.ts","statementMap":{"0":{"start":{"line":1,"column":0},"end":{"line":1,"column":43}},"1":{"start":{"line":2,"column":0},"end":{"line":2,"column":42}},"2":{"start":{"line":3,"column":0},"end":{"line":3,"column":34}},"3":{"start":{"line":9,"column":2},"end":{"line":9,"column":null}},"4":{"start":{"line":6,"column":0},"end":{"line":6,"column":13}},"5":{"start":{"line":12,"column":0},"end":{"line":12,"column":13}}},"fnMap":{},"branchMap":{},"s":{"0":3,"1":3,"2":3,"3":3,"4":3,"5":3},"f":{},"b":{}}
,"/Users/aymeric.bethencourt/apps/boilerplate/src/app-server/src/shared/user/IsEqualTo.ts": {"path":"/Users/aymeric.bethencourt/apps/boilerplate/src/app-server/src/shared/user/IsEqualTo.ts","statementMap":{"0":{"start":{"line":1,"column":0},"end":{"line":1,"column":91}},"1":{"start":{"line":4,"column":2},"end":{"line":24,"column":null}},"2":{"start":{"line":5,"column":4},"end":{"line":23,"column":null}},"3":{"start":{"line":13,"column":40},"end":{"line":13,"column":56}},"4":{"start":{"line":14,"column":32},"end":{"line":14,"column":72}},"5":{"start":{"line":15,"column":10},"end":{"line":15,"column":null}},"6":{"start":{"line":19,"column":40},"end":{"line":19,"column":56}},"7":{"start":{"line":20,"column":10},"end":{"line":20,"column":null}},"8":{"start":{"line":3,"column":0},"end":{"line":3,"column":16}}},"fnMap":{"0":{"name":"IsEqualTo","decl":{"start":{"line":3,"column":16},"end":{"line":3,"column":25}},"loc":{"start":{"line":3,"column":81},"end":{"line":25,"column":1}}},"1":{"name":"(anonymous_1)","decl":{"start":{"line":4,"column":9},"end":{"line":4,"column":10}},"loc":{"start":{"line":4,"column":52},"end":{"line":24,"column":3}}},"2":{"name":"(anonymous_2)","decl":{"start":{"line":12,"column":8},"end":{"line":12,"column":16}},"loc":{"start":{"line":12,"column":54},"end":{"line":16,"column":9}}},"3":{"name":"(anonymous_3)","decl":{"start":{"line":18,"column":8},"end":{"line":18,"column":22}},"loc":{"start":{"line":18,"column":48},"end":{"line":21,"column":9}}}},"branchMap":{},"s":{"0":17,"1":17,"2":17,"3":21,"4":21,"5":21,"6":0,"7":0,"8":17},"f":{"0":17,"1":17,"2":21,"3":0},"b":{}}
,"/Users/aymeric.bethencourt/apps/boilerplate/src/app-server/src/shared/user/Login.ts": {"path":"/Users/aymeric.bethencourt/apps/boilerplate/src/app-server/src/shared/user/Login.ts","statementMap":{"0":{"start":{"line":1,"column":0},"end":{"line":1,"column":56}},"1":{"start":{"line":2,"column":0},"end":{"line":2,"column":42}},"2":{"start":{"line":8,"column":2},"end":{"line":8,"column":null}},"3":{"start":{"line":13,"column":2},"end":{"line":13,"column":null}},"4":{"start":{"line":17,"column":2},"end":{"line":17,"column":null}},"5":{"start":{"line":5,"column":0},"end":{"line":5,"column":13}},"6":{"start":{"line":23,"column":2},"end":{"line":23,"column":null}},"7":{"start":{"line":20,"column":0},"end":{"line":20,"column":13}}},"fnMap":{},"branchMap":{},"s":{"0":1,"1":1,"2":1,"3":1,"4":1,"5":1,"6":1,"7":1},"f":{},"b":{}}
,"/Users/aymeric.bethencourt/apps/boilerplate/src/app-server/src/shared/user/PublicUser.ts": {"path":"/Users/aymeric.bethencourt/apps/boilerplate/src/app-server/src/shared/user/PublicUser.ts","statementMap":{"0":{"start":{"line":1,"column":0},"end":{"line":1,"column":85}},"1":{"start":{"line":2,"column":0},"end":{"line":2,"column":34}},"2":{"start":{"line":4,"column":0},"end":{"line":4,"column":37}},"3":{"start":{"line":8,"column":2},"end":{"line":8,"column":null}},"4":{"start":{"line":12,"column":2},"end":{"line":12,"column":null}},"5":{"start":{"line":15,"column":2},"end":{"line":15,"column":null}},"6":{"start":{"line":18,"column":2},"end":{"line":18,"column":null}},"7":{"start":{"line":21,"column":2},"end":{"line":21,"column":null}},"8":{"start":{"line":6,"column":0},"end":{"line":6,"column":13}}},"fnMap":{},"branchMap":{},"s":{"0":2,"1":2,"2":2,"3":2,"4":2,"5":2,"6":2,"7":2,"8":2},"f":{},"b":{}}
,"/Users/aymeric.bethencourt/apps/boilerplate/src/app-server/src/shared/user/ResetPassword.ts": {"path":"/Users/aymeric.bethencourt/apps/boilerplate/src/app-server/src/shared/user/ResetPassword.ts","statementMap":{"0":{"start":{"line":1,"column":0},"end":{"line":1,"column":49}},"1":{"start":{"line":2,"column":0},"end":{"line":2,"column":42}},"2":{"start":{"line":7,"column":2},"end":{"line":7,"column":null}},"3":{"start":{"line":11,"column":2},"end":{"line":11,"column":null}},"4":{"start":{"line":16,"column":2},"end":{"line":16,"column":null}},"5":{"start":{"line":4,"column":0},"end":{"line":4,"column":13}},"6":{"start":{"line":19,"column":0},"end":{"line":19,"column":13}}},"fnMap":{},"branchMap":{},"s":{"0":1,"1":1,"2":1,"3":1,"4":1,"5":1,"6":1},"f":{},"b":{}}
,"/Users/aymeric.bethencourt/apps/boilerplate/src/app-server/src/shared/user/SignUp.ts": {"path":"/Users/aymeric.bethencourt/apps/boilerplate/src/app-server/src/shared/user/SignUp.ts","statementMap":{"0":{"start":{"line":1,"column":0},"end":{"line":1,"column":65}},"1":{"start":{"line":2,"column":0},"end":{"line":2,"column":42}},"2":{"start":{"line":4,"column":0},"end":{"line":4,"column":39}},"3":{"start":{"line":10,"column":2},"end":{"line":10,"column":null}},"4":{"start":{"line":14,"column":2},"end":{"line":14,"column":null}},"5":{"start":{"line":19,"column":2},"end":{"line":19,"column":null}},"6":{"start":{"line":24,"column":2},"end":{"line":24,"column":null}},"7":{"start":{"line":28,"column":2},"end":{"line":28,"column":null}},"8":{"start":{"line":6,"column":0},"end":{"line":6,"column":13}},"9":{"start":{"line":34,"column":2},"end":{"line":34,"column":null}},"10":{"start":{"line":31,"column":0},"end":{"line":31,"column":13}}},"fnMap":{},"branchMap":{},"s":{"0":17,"1":17,"2":17,"3":17,"4":17,"5":17,"6":17,"7":17,"8":17,"9":17,"10":17},"f":{},"b":{}}
,"/Users/aymeric.bethencourt/apps/boilerplate/src/app-server/src/shared/user/User.ts": {"path":"/Users/aymeric.bethencourt/apps/boilerplate/src/app-server/src/shared/user/User.ts","statementMap":{"0":{"start":{"line":1,"column":0},"end":{"line":1,"column":108}},"1":{"start":{"line":2,"column":0},"end":{"line":2,"column":34}},"2":{"start":{"line":4,"column":0},"end":{"line":4,"column":60}},"3":{"start":{"line":5,"column":0},"end":{"line":5,"column":37}},"4":{"start":{"line":10,"column":2},"end":{"line":10,"column":null}},"5":{"start":{"line":15,"column":2},"end":{"line":15,"column":null}},"6":{"start":{"line":19,"column":2},"end":{"line":19,"column":null}},"7":{"start":{"line":24,"column":2},"end":{"line":24,"column":null}},"8":{"start":{"line":27,"column":2},"end":{"line":27,"column":null}},"9":{"start":{"line":32,"column":2},"end":{"line":32,"column":null}},"10":{"start":{"line":37,"column":2},"end":{"line":37,"column":null}},"11":{"start":{"line":40,"column":2},"end":{"line":40,"column":null}},"12":{"start":{"line":43,"column":2},"end":{"line":43,"column":null}},"13":{"start":{"line":8,"column":0},"end":{"line":8,"column":13}},"14":{"start":{"line":46,"column":13},"end":{"line":46,"column":null}}},"fnMap":{},"branchMap":{},"s":{"0":17,"1":17,"2":17,"3":17,"4":17,"5":17,"6":17,"7":17,"8":17,"9":17,"10":17,"11":17,"12":17,"13":17,"14":17},"f":{},"b":{}}
,"/Users/aymeric.bethencourt/apps/boilerplate/src/app-server/src/shared/user/UserRole.ts": {"path":"/Users/aymeric.bethencourt/apps/boilerplate/src/app-server/src/shared/user/UserRole.ts","statementMap":{"0":{"start":{"line":1,"column":0},"end":{"line":1,"column":null}},"1":{"start":{"line":2,"column":2},"end":{"line":2,"column":null}},"2":{"start":{"line":3,"column":2},"end":{"line":3,"column":null}}},"fnMap":{"0":{"name":"(anonymous_0)","decl":{"start":{"line":1,"column":0},"end":{"line":1,"column":12}},"loc":{"start":{"line":1,"column":20},"end":{"line":4,"column":1}}}},"branchMap":{"0":{"loc":{"start":{"line":1,"column":12},"end":{"line":1,"column":20}},"type":"binary-expr","locations":[{"start":{"line":1,"column":12},"end":{"line":1,"column":20}},{"start":{"line":1,"column":12},"end":{"line":1,"column":null}}]}},"s":{"0":18,"1":18,"2":18},"f":{"0":18},"b":{"0":[18,18]}}
,"/Users/aymeric.bethencourt/apps/boilerplate/src/app-server/src/shared/user/VerifyEmail.ts": {"path":"/Users/aymeric.bethencourt/apps/boilerplate/src/app-server/src/shared/user/VerifyEmail.ts","statementMap":{"0":{"start":{"line":1,"column":0},"end":{"line":1,"column":40}},"1":{"start":{"line":2,"column":0},"end":{"line":2,"column":42}},"2":{"start":{"line":7,"column":2},"end":{"line":7,"column":null}},"3":{"start":{"line":4,"column":0},"end":{"line":4,"column":13}},"4":{"start":{"line":10,"column":0},"end":{"line":10,"column":13}}},"fnMap":{},"branchMap":{},"s":{"0":1,"1":1,"2":1,"3":1,"4":1},"f":{},"b":{}}
,"/Users/aymeric.bethencourt/apps/boilerplate/src/app-server/src/shared/vote/SendVote.ts": {"path":"/Users/aymeric.bethencourt/apps/boilerplate/src/app-server/src/shared/vote/SendVote.ts","statementMap":{"0":{"start":{"line":1,"column":0},"end":{"line":1,"column":51}},"1":{"start":{"line":2,"column":0},"end":{"line":2,"column":42}},"2":{"start":{"line":3,"column":0},"end":{"line":3,"column":34}},"3":{"start":{"line":4,"column":0},"end":{"line":4,"column":47}},"4":{"start":{"line":9,"column":2},"end":{"line":9,"column":null}},"5":{"start":{"line":13,"column":2},"end":{"line":13,"column":null}},"6":{"start":{"line":6,"column":0},"end":{"line":6,"column":13}},"7":{"start":{"line":16,"column":0},"end":{"line":16,"column":13}}},"fnMap":{},"branchMap":{},"s":{"0":1,"1":1,"2":1,"3":1,"4":1,"5":1,"6":1,"7":1},"f":{},"b":{}}
,"/Users/aymeric.bethencourt/apps/boilerplate/src/app-server/src/shared/vote/Vote.ts": {"path":"/Users/aymeric.bethencourt/apps/boilerplate/src/app-server/src/shared/vote/Vote.ts","statementMap":{"0":{"start":{"line":1,"column":0},"end":{"line":1,"column":71}},"1":{"start":{"line":2,"column":0},"end":{"line":2,"column":34}},"2":{"start":{"line":4,"column":0},"end":{"line":4,"column":67}},"3":{"start":{"line":5,"column":0},"end":{"line":5,"column":47}},"4":{"start":{"line":9,"column":0},"end":{"line":31,"column":null}},"5":{"start":{"line":11,"column":2},"end":{"line":11,"column":null}},"6":{"start":{"line":15,"column":2},"end":{"line":15,"column":null}},"7":{"start":{"line":19,"column":2},"end":{"line":19,"column":null}},"8":{"start":{"line":24,"column":2},"end":{"line":24,"column":null}},"9":{"start":{"line":27,"column":2},"end":{"line":27,"column":null}},"10":{"start":{"line":30,"column":2},"end":{"line":30,"column":null}},"11":{"start":{"line":9,"column":13},"end":{"line":31,"column":null}},"12":{"start":{"line":9,"column":13},"end":{"line":9,"column":17}},"13":{"start":{"line":33,"column":13},"end":{"line":33,"column":null}}},"fnMap":{},"branchMap":{},"s":{"0":2,"1":2,"2":2,"3":2,"4":2,"5":2,"6":2,"7":2,"8":2,"9":2,"10":2,"11":2,"12":2,"13":2},"f":{},"b":{}}
,"/Users/aymeric.bethencourt/apps/boilerplate/src/app-server/src/shared/vote/VoteDirection.ts": {"path":"/Users/aymeric.bethencourt/apps/boilerplate/src/app-server/src/shared/vote/VoteDirection.ts","statementMap":{"0":{"start":{"line":1,"column":0},"end":{"line":1,"column":null}},"1":{"start":{"line":2,"column":2},"end":{"line":2,"column":null}},"2":{"start":{"line":3,"column":2},"end":{"line":3,"column":null}}},"fnMap":{"0":{"name":"(anonymous_0)","decl":{"start":{"line":1,"column":0},"end":{"line":1,"column":12}},"loc":{"start":{"line":1,"column":25},"end":{"line":4,"column":1}}}},"branchMap":{"0":{"loc":{"start":{"line":1,"column":12},"end":{"line":1,"column":25}},"type":"binary-expr","locations":[{"start":{"line":1,"column":12},"end":{"line":1,"column":25}},{"start":{"line":1,"column":12},"end":{"line":1,"column":null}}]}},"s":{"0":2,"1":2,"2":2},"f":{"0":2},"b":{"0":[2,2]}}
,"/Users/aymeric.bethencourt/apps/boilerplate/src/app-server/src/test/createTestUser.ts": {"path":"/Users/aymeric.bethencourt/apps/boilerplate/src/app-server/src/test/createTestUser.ts","statementMap":{"0":{"start":{"line":3,"column":0},"end":{"line":3,"column":95}},"1":{"start":{"line":4,"column":0},"end":{"line":4,"column":92}},"2":{"start":{"line":5,"column":0},"end":{"line":5,"column":56}},"3":{"start":{"line":8,"column":0},"end":{"line":8,"column":53}},"4":{"start":{"line":9,"column":0},"end":{"line":9,"column":43}},"5":{"start":{"line":21,"column":13},"end":{"line":57,"column":null}},"6":{"start":{"line":22,"column":2},"end":{"line":23,"column":null}},"7":{"start":{"line":24,"column":2},"end":{"line":25,"column":null}},"8":{"start":{"line":26,"column":2},"end":{"line":26,"column":null}},"9":{"start":{"line":28,"column":23},"end":{"line":28,"column":24}},"10":{"start":{"line":29,"column":43},"end":{"line":29,"column":49}},"11":{"start":{"line":31,"column":2},"end":{"line":31,"column":null}},"12":{"start":{"line":32,"column":2},"end":{"line":32,"column":null}},"13":{"start":{"line":32,"column":96},"end":{"line":32,"column":113}},"14":{"start":{"line":34,"column":33},"end":{"line":46,"column":null}},"15":{"start":{"line":48,"column":22},"end":{"line":48,"column":51}},"16":{"start":{"line":48,"column":34},"end":{"line":48,"column":51}},"17":{"start":{"line":50,"column":2},"end":{"line":50,"column":null}},"18":{"start":{"line":52,"column":22},"end":{"line":52,"column":76}},"19":{"start":{"line":54,"column":19},"end":{"line":54,"column":41}},"20":{"start":{"line":56,"column":2},"end":{"line":56,"column":null}}},"fnMap":{"0":{"name":"(anonymous_0)","decl":{"start":{"line":21,"column":46},"end":{"line":21,"column":51}},"loc":{"start":{"line":21,"column":82},"end":{"line":57,"column":1}}},"1":{"name":"(anonymous_1)","decl":{"start":{"line":32,"column":84},"end":{"line":32,"column":89}},"loc":{"start":{"line":32,"column":96},"end":{"line":32,"column":113}}},"2":{"name":"(anonymous_2)","decl":{"start":{"line":48,"column":22},"end":{"line":48,"column":27}},"loc":{"start":{"line":48,"column":34},"end":{"line":48,"column":51}}}},"branchMap":{},"s":{"0":16,"1":16,"2":16,"3":16,"4":16,"5":16,"6":17,"7":17,"8":17,"9":17,"10":17,"11":17,"12":17,"13":19,"14":17,"15":17,"16":40,"17":17,"18":17,"19":17,"20":17},"f":{"0":17,"1":19,"2":40},"b":{}}
,"/Users/aymeric.bethencourt/apps/boilerplate/src/app-server/src/test/deleteTestUser.ts": {"path":"/Users/aymeric.bethencourt/apps/boilerplate/src/app-server/src/test/deleteTestUser.ts","statementMap":{"0":{"start":{"line":3,"column":0},"end":{"line":3,"column":56}},"1":{"start":{"line":4,"column":0},"end":{"line":4,"column":57}},"2":{"start":{"line":5,"column":0},"end":{"line":5,"column":47}},"3":{"start":{"line":11,"column":13},"end":{"line":14,"column":null}},"4":{"start":{"line":12,"column":2},"end":{"line":12,"column":null}},"5":{"start":{"line":13,"column":2},"end":{"line":13,"column":null}}},"fnMap":{"0":{"name":"(anonymous_0)","decl":{"start":{"line":11,"column":46},"end":{"line":11,"column":51}},"loc":{"start":{"line":11,"column":63},"end":{"line":14,"column":1}}}},"branchMap":{},"s":{"0":16,"1":16,"2":16,"3":16,"4":16,"5":16},"f":{"0":16},"b":{}}
,"/Users/aymeric.bethencourt/apps/boilerplate/src/app-server/src/test/mockConnect.ts": {"path":"/Users/aymeric.bethencourt/apps/boilerplate/src/app-server/src/test/mockConnect.ts","statementMap":{"0":{"start":{"line":1,"column":0},"end":{"line":1,"column":36}},"1":{"start":{"line":3,"column":13},"end":{"line":10,"column":null}},"2":{"start":{"line":4,"column":2},"end":{"line":9,"column":null}}},"fnMap":{"0":{"name":"(anonymous_0)","decl":{"start":{"line":3,"column":27},"end":{"line":3,"column":32}},"loc":{"start":{"line":3,"column":53},"end":{"line":10,"column":1}}}},"branchMap":{},"s":{"0":18,"1":18,"2":34},"f":{"0":34},"b":{}}
}
