TN:
SF:/Users/aymeric.bethencourt/apps/boilerplate/src/app-server/src/constants.ts
FNF:0
FNH:0
DA:1,18
DA:2,18
DA:3,18
LF:3
LH:3
BRF:0
BRH:0
end_of_record
TN:
SF:/Users/aymeric.bethencourt/apps/boilerplate/src/app-server/src/helpers/clone.ts
FN:3,(anonymous_0)
FNF:1
FNH:1
FNDA:4,(anonymous_0)
DA:3,1
DA:4,4
LF:2
LH:2
BRF:0
BRH:0
end_of_record
TN:
SF:/Users/aymeric.bethencourt/apps/boilerplate/src/app-server/src/helpers/dayjs.ts
FNF:0
FNH:0
DA:1,18
DA:3,18
LF:2
LH:2
BRF:0
BRH:0
end_of_record
TN:
SF:/Users/aymeric.bethencourt/apps/boilerplate/src/app-server/src/helpers/firstError.ts
FN:4,(anonymous_0)
FNF:1
FNH:1
FNDA:3,(anonymous_0)
DA:2,18
DA:4,18
DA:5,3
DA:6,3
LF:4
LH:4
BRDA:5,0,0,3
BRDA:5,0,1,2
BRDA:6,1,0,2
BRDA:6,1,1,1
BRF:4
BRH:4
end_of_record
TN:
SF:/Users/aymeric.bethencourt/apps/boilerplate/src/app-server/src/helpers/typegoose.ts
FNF:0
FNH:0
DA:1,18
DA:3,18
DA:4,18
DA:5,18
DA:6,18
LF:5
LH:5
BRF:0
BRH:0
end_of_record
TN:
SF:/Users/aymeric.bethencourt/apps/boilerplate/src/app-server/src/resolvers/captcha/helpers/captchaSolutions.ts
FNF:0
FNH:0
DA:3,19
LF:1
LH:1
BRF:0
BRH:0
end_of_record
TN:
SF:/Users/aymeric.bethencourt/apps/boilerplate/src/app-server/src/resolvers/captcha/helpers/createCaptcha.ts
FN:12,(anonymous_0)
FNF:1
FNH:1
FNDA:22,(anonymous_0)
DA:3,18
DA:6,18
DA:12,18
DA:13,22
DA:15,22
DA:17,22
DA:24,22
LF:7
LH:7
BRF:0
BRH:0
end_of_record
TN:
SF:/Users/aymeric.bethencourt/apps/boilerplate/src/app-server/src/resolvers/captcha/helpers/getRandomCaptchaPair.ts
FN:11,(anonymous_0)
FNF:1
FNH:1
FNDA:2,(anonymous_0)
DA:5,19
DA:11,19
DA:12,2
DA:13,2
DA:14,2
DA:19,2
LF:6
LH:6
BRF:0
BRH:0
end_of_record
TN:
SF:/Users/aymeric.bethencourt/apps/boilerplate/src/app-server/src/resolvers/comment/addCommentView/addCommentView.ts
FN:11,(anonymous_0)
FNF:1
FNH:1
FNDA:2,(anonymous_0)
DA:1,1
DA:2,1
DA:5,1
DA:6,1
DA:7,1
DA:8,1
DA:11,1
DA:12,2
DA:13,2
DA:14,2
DA:16,2
DA:21,2
DA:22,2
DA:24,1
DA:25,1
DA:27,1
LF:16
LH:16
BRDA:21,0,0,2
BRDA:21,0,1,2
BRDA:21,0,2,1
BRDA:22,1,0,1
BRDA:22,1,1,1
BRF:5
BRH:5
end_of_record
TN:
SF:/Users/aymeric.bethencourt/apps/boilerplate/src/app-server/src/resolvers/comment/getComment/getComment.ts
FN:13,(anonymous_0)
FNF:1
FNH:1
FNDA:3,(anonymous_0)
DA:1,1
DA:2,1
DA:5,1
DA:6,1
DA:7,1
DA:8,1
DA:10,1
DA:11,1
DA:13,1
DA:14,3
DA:17,3
DA:18,3
DA:20,3
DA:21,3
DA:23,2
DA:27,2
DA:29,1
DA:31,1
DA:32,1
DA:34,1
LF:20
LH:20
BRDA:21,0,0,1
BRDA:21,0,1,2
BRDA:27,1,0,1
BRDA:27,1,1,1
BRF:4
BRH:4
end_of_record
TN:
SF:/Users/aymeric.bethencourt/apps/boilerplate/src/app-server/src/resolvers/comment/getLatestComments/getLatestComments.ts
FN:12,(anonymous_0)
FN:29,(anonymous_1)
FNF:2
FNH:2
FNDA:2,(anonymous_0)
FNDA:2,(anonymous_1)
DA:1,1
DA:2,1
DA:5,1
DA:6,1
DA:7,1
DA:9,1
DA:10,1
DA:12,1
DA:13,2
DA:16,2
DA:17,2
DA:19,2
DA:20,2
DA:21,2
DA:27,2
DA:29,2
DA:30,2
DA:31,2
DA:33,2
DA:35,2
DA:36,2
DA:38,2
LF:22
LH:22
BRDA:20,0,0,1
BRDA:20,0,1,1
BRDA:27,1,0,1
BRDA:27,1,1,1
BRDA:27,2,0,2
BRDA:27,2,1,2
BRDA:31,3,0,1
BRDA:31,3,1,1
BRDA:31,4,0,2
BRDA:31,4,1,2
BRF:10
BRH:10
end_of_record
TN:
SF:/Users/aymeric.bethencourt/apps/boilerplate/src/app-server/src/resolvers/comment/newComment/newComment.ts
FN:16,(anonymous_0)
FNF:1
FNH:1
FNDA:2,(anonymous_0)
DA:1,1
DA:2,1
DA:4,1
DA:6,1
DA:7,1
DA:10,1
DA:11,1
DA:12,1
DA:13,1
DA:14,1
DA:16,1
DA:17,2
DA:18,2
DA:19,2
DA:21,2
DA:23,2
DA:25,2
DA:36,2
DA:42,2
DA:50,2
DA:52,2
DA:53,2
DA:55,2
LF:23
LH:23
BRDA:28,0,0,1
BRDA:28,0,1,1
BRF:2
BRH:2
end_of_record
TN:
SF:/Users/aymeric.bethencourt/apps/boilerplate/src/app-server/src/resolvers/notification/getLatestNotifications/getLatestNotifications.ts
FN:7,(anonymous_0)
FNF:1
FNH:1
FNDA:1,(anonymous_0)
DA:3,1
DA:5,1
DA:7,1
DA:8,1
DA:10,1
DA:17,1
DA:18,1
DA:20,1
LF:8
LH:8
BRF:0
BRH:0
end_of_record
TN:
SF:/Users/aymeric.bethencourt/apps/boilerplate/src/app-server/src/resolvers/quota/rateLimit/rateLimit.ts
FN:12,(anonymous_0)
FNF:1
FNH:1
FNDA:52,(anonymous_0)
DA:3,9
DA:4,9
DA:5,9
DA:6,9
DA:12,9
DA:13,52
DA:15,31
DA:23,31
DA:24,1
LF:9
LH:9
BRDA:13,0,0,21
BRDA:13,0,1,31
BRDA:23,1,0,1
BRDA:23,1,1,30
BRDA:23,2,0,31
BRDA:23,2,1,30
BRDA:23,2,2,30
BRF:7
BRH:7
end_of_record
TN:
SF:/Users/aymeric.bethencourt/apps/boilerplate/src/app-server/src/resolvers/user/changePassword/changePassword.ts
FN:13,(anonymous_0)
FNF:1
FNH:1
FNDA:2,(anonymous_0)
DA:1,1
DA:2,1
DA:3,1
DA:6,1
DA:7,1
DA:8,1
DA:9,1
DA:10,1
DA:11,1
DA:13,1
DA:14,2
DA:17,2
DA:18,2
DA:20,2
DA:22,2
DA:24,2
DA:26,1
DA:27,1
DA:29,1
DA:30,1
DA:32,1
LF:21
LH:21
BRF:0
BRH:0
end_of_record
TN:
SF:/Users/aymeric.bethencourt/apps/boilerplate/src/app-server/src/resolvers/user/forgotPassword/forgotPassword.ts
FN:16,(anonymous_0)
FNF:1
FNH:1
FNDA:3,(anonymous_0)
DA:1,1
DA:2,1
DA:5,1
DA:7,1
DA:8,1
DA:9,1
DA:10,1
DA:11,1
DA:12,1
DA:13,1
DA:14,1
DA:16,1
DA:17,3
DA:18,3
DA:19,3
DA:21,3
DA:23,3
DA:24,3
DA:25,2
DA:27,3
DA:29,2
DA:31,2
DA:33,2
DA:35,2
DA:36,2
DA:38,2
LF:26
LH:26
BRDA:24,0,0,2
BRDA:24,0,1,1
BRDA:27,1,0,1
BRDA:27,1,1,2
BRF:4
BRH:4
end_of_record
TN:
SF:/Users/aymeric.bethencourt/apps/boilerplate/src/app-server/src/resolvers/user/getPublicUser/getPublicUser.ts
FN:13,(anonymous_0)
FNF:1
FNH:1
FNDA:2,(anonymous_0)
DA:1,3
DA:2,3
DA:5,3
DA:6,3
DA:7,3
DA:9,3
DA:11,3
DA:13,3
DA:14,2
DA:15,2
DA:16,2
DA:18,2
DA:19,2
DA:21,1
DA:23,1
DA:24,1
DA:26,1
LF:17
LH:17
BRDA:19,0,0,1
BRDA:19,0,1,1
BRF:2
BRH:2
end_of_record
TN:
SF:/Users/aymeric.bethencourt/apps/boilerplate/src/app-server/src/resolvers/user/helpers/authenticate.ts
FN:13,(anonymous_0)
FNF:1
FNH:1
FNDA:20,(anonymous_0)
DA:3,7
DA:6,7
DA:7,7
DA:13,7
DA:14,20
DA:15,20
DA:17,19
DA:19,19
DA:21,18
DA:22,18
DA:24,17
LF:11
LH:11
BRDA:14,0,0,19
BRDA:14,0,1,1
BRDA:15,1,0,1
BRDA:15,1,1,19
BRDA:22,2,0,1
BRDA:22,2,1,17
BRF:6
BRH:6
end_of_record
TN:
SF:/Users/aymeric.bethencourt/apps/boilerplate/src/app-server/src/resolvers/user/helpers/getSignedJwt.ts
FN:13,(anonymous_0)
FNF:1
FNH:1
FNDA:22,(anonymous_0)
DA:1,19
DA:2,19
DA:13,19
DA:14,22
DA:16,22
DA:23,22
DA:31,22
DA:33,22
LF:8
LH:8
BRF:0
BRH:0
end_of_record
TN:
SF:/Users/aymeric.bethencourt/apps/boilerplate/src/app-server/src/resolvers/user/helpers/matchPassword.ts
FN:9,(anonymous_0)
FNF:1
FNH:1
FNDA:7,(anonymous_0)
DA:1,3
DA:3,3
DA:9,3
DA:10,7
DA:11,7
LF:5
LH:5
BRDA:11,0,0,3
BRDA:11,0,1,4
BRF:2
BRH:2
end_of_record
TN:
SF:/Users/aymeric.bethencourt/apps/boilerplate/src/app-server/src/resolvers/user/helpers/sendEmailForgotPassword.ts
FN:8,(anonymous_0)
FNF:1
FNH:1
FNDA:1,(anonymous_0)
DA:2,2
DA:8,2
DA:9,1
DA:11,1
DA:19,1
LF:5
LH:5
BRF:0
BRH:0
end_of_record
TN:
SF:/Users/aymeric.bethencourt/apps/boilerplate/src/app-server/src/resolvers/user/helpers/sendEmailVerifyEmail.ts
FN:8,(anonymous_0)
FNF:1
FNH:1
FNDA:1,(anonymous_0)
DA:2,18
DA:8,18
DA:9,1
DA:11,1
DA:19,1
LF:5
LH:5
BRF:0
BRH:0
end_of_record
TN:
SF:/Users/aymeric.bethencourt/apps/boilerplate/src/app-server/src/resolvers/user/helpers/verifyCaptcha.ts
FN:11,(anonymous_0)
FNF:1
FNH:1
FNDA:8,(anonymous_0)
DA:3,3
DA:5,3
DA:11,3
DA:12,8
DA:14,8
DA:16,7
DA:17,1
DA:19,6
DA:21,3
DA:23,3
LF:10
LH:10
BRDA:14,0,0,1
BRDA:14,0,1,7
BRDA:16,1,0,1
BRDA:16,1,1,6
BRDA:16,2,0,7
BRDA:16,2,1,3
BRDA:19,3,0,3
BRDA:19,3,1,3
BRF:8
BRH:8
end_of_record
TN:
SF:/Users/aymeric.bethencourt/apps/boilerplate/src/app-server/src/resolvers/user/helpers/verifyRecaptchaToken.ts
FN:10,(anonymous_0)
FNF:1
FNH:1
FNDA:24,(anonymous_0)
DA:1,18
DA:3,18
DA:4,18
DA:10,18
DA:11,24
DA:13,2
DA:23,2
LF:7
LH:7
BRDA:11,0,0,22
BRDA:11,0,1,2
BRDA:11,1,0,24
BRDA:11,1,1,23
BRDA:23,2,0,1
BRDA:23,2,1,1
BRDA:23,3,0,2
BRDA:23,3,1,2
BRDA:23,3,2,2
BRF:9
BRH:9
end_of_record
TN:
SF:/Users/aymeric.bethencourt/apps/boilerplate/src/app-server/src/resolvers/user/helpers/verifySignedJwt.ts
FN:12,(anonymous_0)
FNF:1
FNH:1
FNDA:21,(anonymous_0)
DA:1,8
DA:12,8
DA:13,21
DA:15,21
DA:23,21
DA:29,19
LF:6
LH:6
BRDA:17,0,0,20
BRDA:17,0,1,1
BRF:2
BRH:2
end_of_record
TN:
SF:/Users/aymeric.bethencourt/apps/boilerplate/src/app-server/src/resolvers/user/login/login.ts
FN:15,(anonymous_0)
FNF:1
FNH:1
FNDA:4,(anonymous_0)
DA:1,1
DA:2,1
DA:5,1
DA:6,1
DA:7,1
DA:8,1
DA:9,1
DA:10,1
DA:11,1
DA:12,1
DA:15,1
DA:16,4
DA:17,4
DA:18,4
DA:20,4
DA:22,4
DA:24,4
DA:25,4
DA:26,2
DA:28,4
DA:30,3
DA:32,3
DA:34,2
DA:36,2
DA:38,2
DA:39,2
DA:41,2
LF:27
LH:27
BRDA:25,0,0,2
BRDA:25,0,1,2
BRDA:28,1,0,1
BRDA:28,1,1,3
BRF:4
BRH:4
end_of_record
TN:
SF:/Users/aymeric.bethencourt/apps/boilerplate/src/app-server/src/resolvers/user/resendEmailVerification/resendEmailVerification.ts
FN:11,(anonymous_0)
FNF:1
FNH:1
FNDA:2,(anonymous_0)
DA:3,1
DA:4,1
DA:6,1
DA:7,1
DA:8,1
DA:9,1
DA:11,1
DA:12,2
DA:14,2
DA:16,2
DA:21,2
DA:23,2
DA:25,2
DA:26,2
DA:28,2
LF:15
LH:15
BRDA:21,0,0,1
BRDA:21,0,1,1
BRF:2
BRH:2
end_of_record
TN:
SF:/Users/aymeric.bethencourt/apps/boilerplate/src/app-server/src/resolvers/user/resetPassword/resetPassword.ts
FN:15,(anonymous_0)
FNF:1
FNH:1
FNDA:3,(anonymous_0)
DA:1,1
DA:2,1
DA:3,1
DA:6,1
DA:7,1
DA:8,1
DA:9,1
DA:10,1
DA:11,1
DA:12,1
DA:13,1
DA:15,1
DA:16,3
DA:17,3
DA:18,3
DA:20,3
DA:24,3
DA:26,2
DA:27,2
DA:29,1
DA:31,1
DA:33,1
DA:35,1
DA:37,1
DA:39,1
DA:40,1
DA:42,1
LF:27
LH:27
BRDA:24,0,0,1
BRDA:24,0,1,2
BRDA:27,1,0,1
BRDA:27,1,1,1
BRF:4
BRH:4
end_of_record
TN:
SF:/Users/aymeric.bethencourt/apps/boilerplate/src/app-server/src/resolvers/user/signUp/signUp.ts
FN:18,(anonymous_0)
FNF:1
FNH:1
FNDA:21,(anonymous_0)
DA:1,17
DA:2,17
DA:3,17
DA:6,17
DA:8,17
DA:9,17
DA:11,17
DA:12,17
DA:13,17
DA:14,17
DA:15,17
DA:16,17
DA:18,17
DA:19,21
DA:20,21
DA:21,20
DA:23,20
DA:24,20
DA:26,20
DA:28,20
DA:29,20
DA:31,19
DA:32,19
DA:34,18
DA:35,18
DA:37,18
DA:39,18
DA:41,18
DA:43,18
DA:45,18
DA:46,18
DA:48,18
LF:32
LH:32
BRDA:29,0,0,1
BRDA:29,0,1,19
BRDA:32,1,0,1
BRDA:32,1,1,18
BRF:4
BRH:4
end_of_record
TN:
SF:/Users/aymeric.bethencourt/apps/boilerplate/src/app-server/src/resolvers/user/verifyEmail/verifyEmail.ts
FN:14,(anonymous_0)
FNF:1
FNH:1
FNDA:1,(anonymous_0)
DA:1,1
DA:2,1
DA:5,1
DA:6,1
DA:7,1
DA:8,1
DA:9,1
DA:10,1
DA:11,1
DA:12,1
DA:14,1
DA:15,1
DA:16,1
DA:17,1
DA:19,1
DA:21,1
DA:23,1
DA:25,1
DA:27,1
DA:32,1
DA:33,1
DA:35,1
LF:22
LH:22
BRF:0
BRH:0
end_of_record
TN:
SF:/Users/aymeric.bethencourt/apps/boilerplate/src/app-server/src/resolvers/vote/sendVote/sendVote.ts
FN:18,(anonymous_0)
FNF:1
FNH:1
FNDA:8,(anonymous_0)
DA:1,1
DA:2,1
DA:5,1
DA:6,1
DA:7,1
DA:9,1
DA:10,1
DA:11,1
DA:12,1
DA:13,1
DA:14,1
DA:15,1
DA:16,1
DA:18,1
DA:19,8
DA:20,8
DA:21,8
DA:23,8
DA:25,8
DA:28,8
DA:29,8
DA:32,7
DA:37,7
DA:40,6
DA:49,6
DA:50,6
DA:52,6
DA:53,6
DA:54,5
DA:55,4
DA:56,2
DA:58,6
DA:66,6
DA:68,6
DA:70,3
DA:71,3
DA:80,6
DA:81,6
DA:83,6
LF:39
LH:39
BRDA:29,0,0,1
BRDA:29,0,1,7
BRDA:37,1,0,1
BRDA:37,1,1,6
BRDA:49,2,0,6
BRDA:49,2,1,6
BRDA:50,3,0,6
BRDA:50,3,1,6
BRDA:50,3,2,2
BRDA:53,4,0,1
BRDA:53,4,1,5
BRDA:53,5,0,6
BRDA:53,5,1,2
BRDA:54,6,0,1
BRDA:54,6,1,4
BRDA:54,7,0,5
BRDA:54,7,1,1
BRDA:55,8,0,2
BRDA:55,8,1,2
BRDA:55,9,0,4
BRDA:55,9,1,4
BRDA:68,10,0,3
BRDA:68,10,1,3
BRDA:70,11,0,1
BRDA:70,11,1,2
BRF:25
BRH:25
end_of_record
TN:
SF:/Users/aymeric.bethencourt/apps/boilerplate/src/app-server/src/shared/captcha/Captcha.ts
FNF:0
FNH:0
DA:1,18
DA:2,18
DA:4,18
DA:5,18
DA:6,18
DA:7,18
DA:10,18
DA:12,18
DA:16,18
DA:20,18
DA:24,18
DA:28,18
DA:33,18
DA:40,18
DA:48,18
DA:51,18
DA:54,18
DA:57,18
LF:18
LH:18
BRF:0
BRH:0
end_of_record
TN:
SF:/Users/aymeric.bethencourt/apps/boilerplate/src/app-server/src/shared/captcha/CaptchaFor.ts
FN:1,(anonymous_0)
FNF:1
FNH:1
FNDA:18,(anonymous_0)
DA:1,18
DA:2,18
DA:3,18
LF:3
LH:3
BRDA:1,0,0,18
BRDA:1,0,1,18
BRF:2
BRH:2
end_of_record
TN:
SF:/Users/aymeric.bethencourt/apps/boilerplate/src/app-server/src/shared/comment/AddCommentView.ts
FNF:0
FNH:0
DA:1,1
DA:2,1
DA:3,1
DA:5,1
DA:8,1
DA:11,1
LF:6
LH:6
BRF:0
BRH:0
end_of_record
TN:
SF:/Users/aymeric.bethencourt/apps/boilerplate/src/app-server/src/shared/comment/Comment.ts
FNF:0
FNH:0
DA:1,5
DA:2,5
DA:3,5
DA:4,5
DA:5,5
DA:7,5
DA:9,5
DA:13,5
DA:18,5
DA:23,5
DA:28,5
DA:33,5
DA:37,5
DA:42,5
DA:47,5
DA:52,5
DA:57,5
DA:62,5
DA:67,5
DA:72,5
DA:77,5
DA:82,5
DA:87,5
DA:90,5
DA:93,5
DA:96,5
LF:26
LH:26
BRF:0
BRH:0
end_of_record
TN:
SF:/Users/aymeric.bethencourt/apps/boilerplate/src/app-server/src/shared/comment/CommentStatus.ts
FN:1,(anonymous_0)
FNF:1
FNH:1
FNDA:5,(anonymous_0)
DA:1,5
DA:2,5
DA:3,5
DA:4,5
LF:4
LH:4
BRDA:1,0,0,5
BRDA:1,0,1,5
BRF:2
BRH:2
end_of_record
TN:
SF:/Users/aymeric.bethencourt/apps/boilerplate/src/app-server/src/shared/comment/CommentType.ts
FN:1,(anonymous_0)
FNF:1
FNH:1
FNDA:5,(anonymous_0)
DA:1,5
DA:2,5
DA:3,5
DA:4,5
LF:4
LH:4
BRDA:1,0,0,5
BRDA:1,0,1,5
BRF:2
BRH:2
end_of_record
TN:
SF:/Users/aymeric.bethencourt/apps/boilerplate/src/app-server/src/shared/comment/GetComment.ts
FNF:0
FNH:0
DA:1,1
DA:2,1
DA:3,1
DA:4,1
DA:5,1
DA:7,1
DA:10,1
DA:13,1
DA:15,1
DA:18,1
LF:10
LH:10
BRF:0
BRH:0
end_of_record
TN:
SF:/Users/aymeric.bethencourt/apps/boilerplate/src/app-server/src/shared/comment/GetLatestComments.ts
FNF:0
FNH:0
DA:1,1
DA:2,1
DA:3,1
DA:7,1
DA:11,1
DA:14,1
DA:17,1
DA:21,1
LF:8
LH:8
BRF:0
BRH:0
end_of_record
TN:
SF:/Users/aymeric.bethencourt/apps/boilerplate/src/app-server/src/shared/comment/NewComment.ts
FNF:0
FNH:0
DA:1,1
DA:2,1
DA:3,1
DA:4,1
DA:5,1
DA:7,1
DA:11,1
DA:15,1
DA:20,1
DA:25,1
DA:30,1
DA:33,1
DA:35,1
DA:38,1
LF:14
LH:14
BRF:0
BRH:0
end_of_record
TN:
SF:/Users/aymeric.bethencourt/apps/boilerplate/src/app-server/src/shared/mongo/ResponseError.ts
FN:5,(anonymous_0)
FNF:1
FNH:1
FNDA:26,(anonymous_0)
DA:1,20
DA:6,26
DA:7,26
DA:8,26
DA:10,26
LF:5
LH:5
BRF:0
BRH:0
end_of_record
TN:
SF:/Users/aymeric.bethencourt/apps/boilerplate/src/app-server/src/shared/notification/Notification.ts
FNF:0
FNH:0
DA:1,2
DA:2,2
DA:3,2
DA:4,2
DA:5,2
DA:7,2
DA:9,2
DA:13,2
DA:18,2
DA:23,2
DA:28,2
DA:33,2
DA:38,2
DA:43,2
DA:47,2
DA:50,2
DA:53,2
DA:56,2
LF:18
LH:18
BRF:0
BRH:0
end_of_record
TN:
SF:/Users/aymeric.bethencourt/apps/boilerplate/src/app-server/src/shared/notification/NotificationType.ts
FN:1,(anonymous_0)
FNF:1
FNH:1
FNDA:2,(anonymous_0)
DA:1,2
DA:2,2
DA:3,2
DA:4,2
DA:5,2
DA:6,2
LF:6
LH:6
BRDA:1,0,0,2
BRDA:1,0,1,2
BRF:2
BRH:2
end_of_record
TN:
SF:/Users/aymeric.bethencourt/apps/boilerplate/src/app-server/src/shared/notification/TargetType.ts
FN:1,(anonymous_0)
FNF:1
FNH:1
FNDA:2,(anonymous_0)
DA:1,2
DA:2,2
DA:3,2
DA:4,2
DA:5,2
LF:5
LH:5
BRDA:1,0,0,2
BRDA:1,0,1,2
BRF:2
BRH:2
end_of_record
TN:
SF:/Users/aymeric.bethencourt/apps/boilerplate/src/app-server/src/shared/quota/Quota.ts
FNF:0
FNH:0
DA:1,9
DA:3,9
DA:4,9
DA:5,9
DA:6,9
DA:9,9
DA:11,9
DA:15,9
DA:20,9
DA:25,9
DA:33,9
DA:36,9
LF:12
LH:12
BRF:0
BRH:0
end_of_record
TN:
SF:/Users/aymeric.bethencourt/apps/boilerplate/src/app-server/src/shared/quota/QuotaType.ts
FN:1,(anonymous_0)
FNF:1
FNH:1
FNDA:9,(anonymous_0)
DA:1,9
DA:2,9
DA:3,9
DA:4,9
LF:4
LH:4
BRDA:1,0,0,9
BRDA:1,0,1,9
BRF:2
BRH:2
end_of_record
TN:
SF:/Users/aymeric.bethencourt/apps/boilerplate/src/app-server/src/shared/user/ChangePassword.ts
FNF:0
FNH:0
DA:1,1
DA:2,1
DA:4,1
DA:8,1
DA:13,1
DA:16,1
LF:6
LH:6
BRF:0
BRH:0
end_of_record
TN:
SF:/Users/aymeric.bethencourt/apps/boilerplate/src/app-server/src/shared/user/ForgotPassword.ts
FNF:0
FNH:0
DA:1,1
DA:2,1
DA:4,1
DA:7,1
DA:11,1
DA:14,1
LF:6
LH:6
BRF:0
BRH:0
end_of_record
TN:
SF:/Users/aymeric.bethencourt/apps/boilerplate/src/app-server/src/shared/user/GetPublicUser.ts
FNF:0
FNH:0
DA:1,3
DA:2,3
DA:3,3
DA:6,3
DA:9,3
DA:12,3
LF:6
LH:6
BRF:0
BRH:0
end_of_record
TN:
SF:/Users/aymeric.bethencourt/apps/boilerplate/src/app-server/src/shared/user/IsEqualTo.ts
FN:3,IsEqualTo
FN:4,(anonymous_1)
FN:12,(anonymous_2)
FN:18,(anonymous_3)
FNF:4
FNH:3
FNDA:17,IsEqualTo
FNDA:17,(anonymous_1)
FNDA:21,(anonymous_2)
FNDA:0,(anonymous_3)
DA:1,17
DA:3,17
DA:4,17
DA:5,17
DA:13,21
DA:14,21
DA:15,21
DA:19,0
DA:20,0
LF:9
LH:7
BRF:0
BRH:0
end_of_record
TN:
SF:/Users/aymeric.bethencourt/apps/boilerplate/src/app-server/src/shared/user/Login.ts
FNF:0
FNH:0
DA:1,1
DA:2,1
DA:5,1
DA:8,1
DA:13,1
DA:17,1
DA:20,1
DA:23,1
LF:8
LH:8
BRF:0
BRH:0
end_of_record
TN:
SF:/Users/aymeric.bethencourt/apps/boilerplate/src/app-server/src/shared/user/PublicUser.ts
FNF:0
FNH:0
DA:1,2
DA:2,2
DA:4,2
DA:6,2
DA:8,2
DA:12,2
DA:15,2
DA:18,2
DA:21,2
LF:9
LH:9
BRF:0
BRH:0
end_of_record
TN:
SF:/Users/aymeric.bethencourt/apps/boilerplate/src/app-server/src/shared/user/ResetPassword.ts
FNF:0
FNH:0
DA:1,1
DA:2,1
DA:4,1
DA:7,1
DA:11,1
DA:16,1
DA:19,1
LF:7
LH:7
BRF:0
BRH:0
end_of_record
TN:
SF:/Users/aymeric.bethencourt/apps/boilerplate/src/app-server/src/shared/user/SignUp.ts
FNF:0
FNH:0
DA:1,17
DA:2,17
DA:4,17
DA:6,17
DA:10,17
DA:14,17
DA:19,17
DA:24,17
DA:28,17
DA:31,17
DA:34,17
LF:11
LH:11
BRF:0
BRH:0
end_of_record
TN:
SF:/Users/aymeric.bethencourt/apps/boilerplate/src/app-server/src/shared/user/User.ts
FNF:0
FNH:0
DA:1,17
DA:2,17
DA:4,17
DA:5,17
DA:8,17
DA:10,17
DA:15,17
DA:19,17
DA:24,17
DA:27,17
DA:32,17
DA:37,17
DA:40,17
DA:43,17
DA:46,17
LF:15
LH:15
BRF:0
BRH:0
end_of_record
TN:
SF:/Users/aymeric.bethencourt/apps/boilerplate/src/app-server/src/shared/user/UserRole.ts
FN:1,(anonymous_0)
FNF:1
FNH:1
FNDA:18,(anonymous_0)
DA:1,18
DA:2,18
DA:3,18
LF:3
LH:3
BRDA:1,0,0,18
BRDA:1,0,1,18
BRF:2
BRH:2
end_of_record
TN:
SF:/Users/aymeric.bethencourt/apps/boilerplate/src/app-server/src/shared/user/VerifyEmail.ts
FNF:0
FNH:0
DA:1,1
DA:2,1
DA:4,1
DA:7,1
DA:10,1
LF:5
LH:5
BRF:0
BRH:0
end_of_record
TN:
SF:/Users/aymeric.bethencourt/apps/boilerplate/src/app-server/src/shared/vote/SendVote.ts
FNF:0
FNH:0
DA:1,1
DA:2,1
DA:3,1
DA:4,1
DA:6,1
DA:9,1
DA:13,1
DA:16,1
LF:8
LH:8
BRF:0
BRH:0
end_of_record
TN:
SF:/Users/aymeric.bethencourt/apps/boilerplate/src/app-server/src/shared/vote/Vote.ts
FNF:0
FNH:0
DA:1,2
DA:2,2
DA:4,2
DA:5,2
DA:9,2
DA:11,2
DA:15,2
DA:19,2
DA:24,2
DA:27,2
DA:30,2
DA:33,2
LF:12
LH:12
BRF:0
BRH:0
end_of_record
TN:
SF:/Users/aymeric.bethencourt/apps/boilerplate/src/app-server/src/shared/vote/VoteDirection.ts
FN:1,(anonymous_0)
FNF:1
FNH:1
FNDA:2,(anonymous_0)
DA:1,2
DA:2,2
DA:3,2
LF:3
LH:3
BRDA:1,0,0,2
BRDA:1,0,1,2
BRF:2
BRH:2
end_of_record
TN:
SF:/Users/aymeric.bethencourt/apps/boilerplate/src/app-server/src/test/createTestUser.ts
FN:21,(anonymous_0)
FN:32,(anonymous_1)
FN:48,(anonymous_2)
FNF:3
FNH:3
FNDA:17,(anonymous_0)
FNDA:19,(anonymous_1)
FNDA:40,(anonymous_2)
DA:3,16
DA:4,16
DA:5,16
DA:8,16
DA:9,16
DA:21,16
DA:22,17
DA:24,17
DA:26,17
DA:28,17
DA:29,17
DA:31,17
DA:32,19
DA:34,17
DA:48,40
DA:50,17
DA:52,17
DA:54,17
DA:56,17
LF:19
LH:19
BRF:0
BRH:0
end_of_record
TN:
SF:/Users/aymeric.bethencourt/apps/boilerplate/src/app-server/src/test/deleteTestUser.ts
FN:11,(anonymous_0)
FNF:1
FNH:1
FNDA:16,(anonymous_0)
DA:3,16
DA:4,16
DA:5,16
DA:11,16
DA:12,16
DA:13,16
LF:6
LH:6
BRF:0
BRH:0
end_of_record
TN:
SF:/Users/aymeric.bethencourt/apps/boilerplate/src/app-server/src/test/mockConnect.ts
FN:3,(anonymous_0)
FNF:1
FNH:1
FNDA:34,(anonymous_0)
DA:1,18
DA:3,18
DA:4,34
LF:3
LH:3
BRF:0
BRH:0
end_of_record
